2025-03-24 18:06:12.182 [info] [main] Log level: Info
2025-03-24 18:06:12.182 [info] [main] Validating found git in: "git"
2025-03-24 18:06:12.182 [info] [main] Using git "2.49.0" from "git"
2025-03-24 18:06:12.182 [info] [Model][doInitialScan] Initial repository scan started
2025-03-24 18:06:12.182 [info] > git rev-parse --show-toplevel [15ms]
2025-03-24 18:06:12.182 [info] > git rev-parse --git-dir --git-common-dir [78ms]
2025-03-24 18:06:12.182 [info] [Model][openRepository] Opened repository: /home/gabrieu/Workstation/culinarIA
2025-03-24 18:06:12.210 [info] > git config --get commit.template [21ms]
2025-03-24 18:06:12.223 [info] > git rev-parse --show-toplevel [14ms]
2025-03-24 18:06:12.293 [info] > git rev-parse --show-toplevel [30ms]
2025-03-24 18:06:12.293 [info] > git for-each-ref --format=%(refname)%00%(upstream:short)%00%(objectname)%00%(upstream:track)%00%(upstream:remotename)%00%(upstream:remoteref) refs/heads/main refs/remotes/main [40ms]
2025-03-24 18:06:12.309 [info] > git rev-parse --show-toplevel [5ms]
2025-03-24 18:06:12.340 [info] > git status -z -uall [13ms]
2025-03-24 18:06:12.341 [info] > git rev-parse --show-toplevel [24ms]
2025-03-24 18:06:12.349 [info] > git for-each-ref --sort -committerdate --format %(refname) %(objectname) %(*objectname) [14ms]
2025-03-24 18:06:12.382 [info] > git for-each-ref --format=%(refname)%00%(upstream:short)%00%(objectname)%00%(upstream:track)%00%(upstream:remotename)%00%(upstream:remoteref) refs/heads/main refs/remotes/main [12ms]
2025-03-24 18:06:12.392 [info] > git rev-parse --show-toplevel [44ms]
2025-03-24 18:06:12.394 [info] [Model][doInitialScan] Initial repository scan completed - repositories (1), closed repositories (0), parent repositories (0), unsafe repositories (0)
2025-03-24 18:06:12.395 [info] > git config --get --local branch.main.vscode-merge-base [3ms]
2025-03-24 18:06:12.405 [info] > git config --get commit.template [24ms]
2025-03-24 18:06:12.408 [info] > git for-each-ref --format=%(refname)%00%(upstream:short)%00%(objectname)%00%(upstream:track)%00%(upstream:remotename)%00%(upstream:remoteref) refs/heads/origin/main refs/remotes/origin/main [3ms]
2025-03-24 18:06:12.425 [info] > git merge-base refs/heads/main refs/remotes/origin/main [9ms]
2025-03-24 18:06:12.433 [info] > git for-each-ref --format=%(refname)%00%(upstream:short)%00%(objectname)%00%(upstream:track)%00%(upstream:remotename)%00%(upstream:remoteref) refs/heads/main refs/remotes/main [8ms]
2025-03-24 18:06:12.433 [info] > git diff --name-status -z --diff-filter=ADMR 87481a8b79e10d748e77bb400e8e11daff5fa436...refs/remotes/origin/main [1ms]
2025-03-24 18:06:12.456 [info] > git status -z -uall [12ms]
2025-03-24 18:06:12.456 [info] > git for-each-ref --sort -committerdate --format %(refname) %(objectname) %(*objectname) [4ms]
2025-03-24 18:06:12.870 [info] > git check-ignore -v -z --stdin [3ms]
2025-03-24 18:06:49.736 [info] > git check-ignore -v -z --stdin [1ms]
2025-03-24 18:06:58.833 [info] > git check-ignore -v -z --stdin [1ms]
2025-03-24 18:13:16.651 [info] > git show --textconv :app/src/menu/menu.html [13ms]
2025-03-24 18:13:16.654 [info] > git ls-files --stage -- /home/gabrieu/Workstation/culinarIA/app/src/menu/menu.html [3ms]
2025-03-24 18:13:16.666 [info] > git cat-file -s 7edb69f1e00c6196bdb14e3fa6f23f48a6cbf82d [3ms]
2025-03-24 18:13:16.776 [info] > git blame --root --incremental 87481a8b79e10d748e77bb400e8e11daff5fa436 -- /home/gabrieu/Workstation/culinarIA/app/src/menu/menu.html [5ms]
2025-03-24 18:13:21.601 [info] > git show --textconv :app/src/nova-receita/nova-receita.html [9ms]
2025-03-24 18:13:21.602 [info] > git ls-files --stage -- /home/gabrieu/Workstation/culinarIA/app/src/nova-receita/nova-receita.html [1ms]
2025-03-24 18:13:21.612 [info] > git cat-file -s 7f1f25ec41e851ac8ce2e842b5f35ba0e65eb5a6 [1ms]
2025-03-24 18:13:21.632 [info] > git blame --root --incremental 87481a8b79e10d748e77bb400e8e11daff5fa436 -- /home/gabrieu/Workstation/culinarIA/app/src/nova-receita/nova-receita.html [5ms]
2025-03-24 18:13:29.666 [info] > git config --get commit.template [1ms]
2025-03-24 18:13:29.676 [info] > git for-each-ref --format=%(refname)%00%(upstream:short)%00%(objectname)%00%(upstream:track)%00%(upstream:remotename)%00%(upstream:remoteref) refs/heads/main refs/remotes/main [2ms]
2025-03-24 18:13:29.692 [info] > git status -z -uall [9ms]
2025-03-24 18:13:29.693 [info] > git for-each-ref --sort -committerdate --format %(refname) %(objectname) %(*objectname) [2ms]
2025-03-24 18:13:31.545 [info] > git show --textconv :app/src/nova-receita/nova-receita.js [16ms]
2025-03-24 18:13:31.545 [info] > git ls-files --stage -- /home/gabrieu/Workstation/culinarIA/app/src/nova-receita/nova-receita.js [2ms]
2025-03-24 18:13:31.554 [info] > git cat-file -s 59b4e19e637f830f2e44a2ecd925dd582be0f4be [1ms]
2025-03-24 18:13:31.601 [info] > git blame --root --incremental 87481a8b79e10d748e77bb400e8e11daff5fa436 -- /home/gabrieu/Workstation/culinarIA/app/src/nova-receita/nova-receita.js [4ms]
2025-03-24 18:13:39.763 [info] > git config --get commit.template [10ms]
2025-03-24 18:13:39.764 [info] > git for-each-ref --format=%(refname)%00%(upstream:short)%00%(objectname)%00%(upstream:track)%00%(upstream:remotename)%00%(upstream:remoteref) refs/heads/main refs/remotes/main [2ms]
2025-03-24 18:13:39.783 [info] > git status -z -uall [10ms]
2025-03-24 18:13:39.783 [info] > git for-each-ref --sort -committerdate --format %(refname) %(objectname) %(*objectname) [3ms]
2025-03-24 18:14:59.670 [info] > git show --textconv :app/src/menu/menu.html [9ms]
2025-03-24 18:14:59.671 [info] > git ls-files --stage -- /home/gabrieu/Workstation/culinarIA/app/src/menu/menu.html [1ms]
2025-03-24 18:14:59.680 [info] > git cat-file -s 7edb69f1e00c6196bdb14e3fa6f23f48a6cbf82d [2ms]
2025-03-24 18:15:14.168 [info] > git check-ignore -v -z --stdin [1ms]
2025-03-24 18:15:14.734 [info] > git config --get commit.template [9ms]
2025-03-24 18:15:14.735 [info] > git for-each-ref --format=%(refname)%00%(upstream:short)%00%(objectname)%00%(upstream:track)%00%(upstream:remotename)%00%(upstream:remoteref) refs/heads/main refs/remotes/main [2ms]
2025-03-24 18:15:14.754 [info] > git status -z -uall [10ms]
2025-03-24 18:15:14.754 [info] > git for-each-ref --sort -committerdate --format %(refname) %(objectname) %(*objectname) [1ms]
2025-03-24 18:15:16.094 [info] > git show --textconv :app/src/menu/menu.js [11ms]
2025-03-24 18:15:16.094 [info] > git ls-files --stage -- /home/gabrieu/Workstation/culinarIA/app/src/menu/menu.js [1ms]
2025-03-24 18:15:16.104 [info] > git cat-file -s d342fd5a826b415862cab0941c075d8c167dc64a [1ms]
2025-03-24 18:15:16.119 [info] > git blame --root --incremental 87481a8b79e10d748e77bb400e8e11daff5fa436 -- /home/gabrieu/Workstation/culinarIA/app/src/menu/menu.js [3ms]
2025-03-24 18:19:49.606 [info] > git config --get commit.template [15ms]
2025-03-24 18:19:49.607 [info] > git for-each-ref --format=%(refname)%00%(upstream:short)%00%(objectname)%00%(upstream:track)%00%(upstream:remotename)%00%(upstream:remoteref) refs/heads/main refs/remotes/main [3ms]
2025-03-24 18:19:49.634 [info] > git status -z -uall [14ms]
2025-03-24 18:19:49.635 [info] > git for-each-ref --sort -committerdate --format %(refname) %(objectname) %(*objectname) [3ms]
2025-03-24 18:19:57.125 [info] > git config --get commit.template [13ms]
2025-03-24 18:19:57.126 [info] > git for-each-ref --format=%(refname)%00%(upstream:short)%00%(objectname)%00%(upstream:track)%00%(upstream:remotename)%00%(upstream:remoteref) refs/heads/main refs/remotes/main [2ms]
2025-03-24 18:19:57.148 [info] > git status -z -uall [11ms]
2025-03-24 18:19:57.149 [info] > git for-each-ref --sort -committerdate --format %(refname) %(objectname) %(*objectname) [2ms]
2025-03-24 18:20:06.664 [info] > git config --get commit.template [2ms]
2025-03-24 18:20:06.674 [info] > git for-each-ref --format=%(refname)%00%(upstream:short)%00%(objectname)%00%(upstream:track)%00%(upstream:remotename)%00%(upstream:remoteref) refs/heads/main refs/remotes/main [2ms]
2025-03-24 18:20:06.694 [info] > git status -z -uall [12ms]
2025-03-24 18:20:06.694 [info] > git for-each-ref --sort -committerdate --format %(refname) %(objectname) %(*objectname) [2ms]
2025-03-24 18:20:11.707 [info] > git config --get commit.template [1ms]
2025-03-24 18:20:11.717 [info] > git for-each-ref --format=%(refname)%00%(upstream:short)%00%(objectname)%00%(upstream:track)%00%(upstream:remotename)%00%(upstream:remoteref) refs/heads/main refs/remotes/main [1ms]
2025-03-24 18:20:11.736 [info] > git status -z -uall [10ms]
2025-03-24 18:20:11.738 [info] > git for-each-ref --sort -committerdate --format %(refname) %(objectname) %(*objectname) [2ms]
2025-03-24 18:20:21.898 [info] > git config --get commit.template [1ms]
2025-03-24 18:20:21.910 [info] > git for-each-ref --format=%(refname)%00%(upstream:short)%00%(objectname)%00%(upstream:track)%00%(upstream:remotename)%00%(upstream:remoteref) refs/heads/main refs/remotes/main [2ms]
2025-03-24 18:20:21.932 [info] > git status -z -uall [11ms]
2025-03-24 18:20:21.934 [info] > git for-each-ref --sort -committerdate --format %(refname) %(objectname) %(*objectname) [3ms]
2025-03-24 18:20:33.051 [info] > git config --get commit.template [13ms]
2025-03-24 18:20:33.052 [info] > git for-each-ref --format=%(refname)%00%(upstream:short)%00%(objectname)%00%(upstream:track)%00%(upstream:remotename)%00%(upstream:remoteref) refs/heads/main refs/remotes/main [2ms]
2025-03-24 18:20:33.071 [info] > git status -z -uall [10ms]
2025-03-24 18:20:33.073 [info] > git for-each-ref --sort -committerdate --format %(refname) %(objectname) %(*objectname) [2ms]
2025-03-24 18:20:36.771 [info] > git show --textconv :app/src/menu/menu.html [10ms]
2025-03-24 18:20:36.771 [info] > git ls-files --stage -- /home/gabrieu/Workstation/culinarIA/app/src/menu/menu.html [1ms]
2025-03-24 18:20:36.780 [info] > git cat-file -s 7edb69f1e00c6196bdb14e3fa6f23f48a6cbf82d [1ms]
2025-03-24 18:20:39.318 [info] > git show --textconv :app/src/menu/menu.js [10ms]
2025-03-24 18:20:39.319 [info] > git ls-files --stage -- /home/gabrieu/Workstation/culinarIA/app/src/menu/menu.js [2ms]
2025-03-24 18:20:39.330 [info] > git cat-file -s d342fd5a826b415862cab0941c075d8c167dc64a [1ms]
2025-03-24 18:20:48.755 [info] > git config --get commit.template [1ms]
2025-03-24 18:20:48.765 [info] > git for-each-ref --format=%(refname)%00%(upstream:short)%00%(objectname)%00%(upstream:track)%00%(upstream:remotename)%00%(upstream:remoteref) refs/heads/main refs/remotes/main [1ms]
2025-03-24 18:20:48.786 [info] > git status -z -uall [12ms]
2025-03-24 18:20:48.786 [info] > git for-each-ref --sort -committerdate --format %(refname) %(objectname) %(*objectname) [2ms]
2025-03-24 18:20:53.800 [info] > git config --get commit.template [1ms]
2025-03-24 18:20:53.810 [info] > git for-each-ref --format=%(refname)%00%(upstream:short)%00%(objectname)%00%(upstream:track)%00%(upstream:remotename)%00%(upstream:remoteref) refs/heads/main refs/remotes/main [2ms]
2025-03-24 18:20:53.829 [info] > git status -z -uall [9ms]
2025-03-24 18:20:53.830 [info] > git for-each-ref --sort -committerdate --format %(refname) %(objectname) %(*objectname) [2ms]
2025-03-24 18:21:14.445 [info] > git config --get commit.template [11ms]
2025-03-24 18:21:14.446 [info] > git for-each-ref --format=%(refname)%00%(upstream:short)%00%(objectname)%00%(upstream:track)%00%(upstream:remotename)%00%(upstream:remoteref) refs/heads/main refs/remotes/main [2ms]
2025-03-24 18:21:14.467 [info] > git status -z -uall [11ms]
2025-03-24 18:21:14.468 [info] > git for-each-ref --sort -committerdate --format %(refname) %(objectname) %(*objectname) [2ms]
2025-03-24 18:21:26.907 [info] > git config --get commit.template [10ms]
2025-03-24 18:21:26.908 [info] > git for-each-ref --format=%(refname)%00%(upstream:short)%00%(objectname)%00%(upstream:track)%00%(upstream:remotename)%00%(upstream:remoteref) refs/heads/main refs/remotes/main [1ms]
2025-03-24 18:21:26.927 [info] > git status -z -uall [10ms]
2025-03-24 18:21:26.928 [info] > git for-each-ref --sort -committerdate --format %(refname) %(objectname) %(*objectname) [2ms]
2025-03-24 18:21:44.111 [info] > git config --get commit.template [10ms]
2025-03-24 18:21:44.111 [info] > git for-each-ref --format=%(refname)%00%(upstream:short)%00%(objectname)%00%(upstream:track)%00%(upstream:remotename)%00%(upstream:remoteref) refs/heads/main refs/remotes/main [1ms]
2025-03-24 18:21:44.131 [info] > git status -z -uall [11ms]
2025-03-24 18:21:44.132 [info] > git for-each-ref --sort -committerdate --format %(refname) %(objectname) %(*objectname) [2ms]
2025-03-24 18:22:30.708 [info] > git config --get commit.template [11ms]
2025-03-24 18:22:30.710 [info] > git for-each-ref --format=%(refname)%00%(upstream:short)%00%(objectname)%00%(upstream:track)%00%(upstream:remotename)%00%(upstream:remoteref) refs/heads/main refs/remotes/main [3ms]
2025-03-24 18:22:30.732 [info] > git status -z -uall [12ms]
2025-03-24 18:22:30.733 [info] > git for-each-ref --sort -committerdate --format %(refname) %(objectname) %(*objectname) [2ms]
2025-03-24 18:23:28.729 [info] > git show --textconv :app/src/nova-receita/nova-receita.html [10ms]
2025-03-24 18:23:28.730 [info] > git ls-files --stage -- /home/gabrieu/Workstation/culinarIA/app/src/nova-receita/nova-receita.html [2ms]
2025-03-24 18:23:28.741 [info] > git cat-file -s 7f1f25ec41e851ac8ce2e842b5f35ba0e65eb5a6 [1ms]
2025-03-24 18:23:48.336 [info] > git show --textconv :app/src/nova-receita/nova-receita.js [9ms]
2025-03-24 18:23:48.337 [info] > git ls-files --stage -- /home/gabrieu/Workstation/culinarIA/app/src/nova-receita/nova-receita.js [2ms]
2025-03-24 18:23:48.368 [info] > git cat-file -s 59b4e19e637f830f2e44a2ecd925dd582be0f4be [2ms]
2025-03-24 18:25:03.299 [info] > git check-ignore -v -z --stdin [1ms]
2025-03-24 18:25:09.084 [info] > git check-ignore -v -z --stdin [1ms]
2025-03-24 18:25:11.605 [info] > git show --textconv :app/src/login/login.html [10ms]
2025-03-24 18:25:11.606 [info] > git ls-files --stage -- /home/gabrieu/Workstation/culinarIA/app/src/login/login.html [1ms]
2025-03-24 18:25:11.616 [info] > git cat-file -s 645c4f5fe612fe35049d59b637f4bc84a9b14852 [2ms]
2025-03-24 18:25:11.635 [info] > git blame --root --incremental 87481a8b79e10d748e77bb400e8e11daff5fa436 -- /home/gabrieu/Workstation/culinarIA/app/src/login/login.html [6ms]
2025-03-24 18:25:16.156 [info] > git show --textconv :app/src/login/login.css [11ms]
2025-03-24 18:25:16.157 [info] > git ls-files --stage -- /home/gabrieu/Workstation/culinarIA/app/src/login/login.css [2ms]
2025-03-24 18:25:16.168 [info] > git cat-file -s dc7b6e8e70913b753c457faeb8e244205c18f95c [2ms]
2025-03-24 18:25:20.665 [info] > git blame --root --incremental 87481a8b79e10d748e77bb400e8e11daff5fa436 -- /home/gabrieu/Workstation/culinarIA/app/src/login/login.css [57ms]
2025-03-24 18:25:27.752 [info] > git show --textconv :app/src/style.css [9ms]
2025-03-24 18:25:27.753 [info] > git ls-files --stage -- /home/gabrieu/Workstation/culinarIA/app/src/style.css [2ms]
2025-03-24 18:25:27.764 [info] > git cat-file -s dcacd75db9c7af7db49eeceb9ff6ac266d35c583 [2ms]
2025-03-24 18:25:27.796 [info] > git blame --root --incremental 87481a8b79e10d748e77bb400e8e11daff5fa436 -- /home/gabrieu/Workstation/culinarIA/app/src/style.css [5ms]
2025-03-24 18:26:05.425 [info] > git show --textconv :app/src/menu/menu.js [10ms]
2025-03-24 18:26:05.426 [info] > git ls-files --stage -- /home/gabrieu/Workstation/culinarIA/app/src/menu/menu.js [1ms]
2025-03-24 18:26:05.436 [info] > git cat-file -s d342fd5a826b415862cab0941c075d8c167dc64a [2ms]
2025-03-24 18:26:06.256 [info] > git show --textconv :app/src/menu/menu.html [10ms]
2025-03-24 18:26:06.257 [info] > git ls-files --stage -- /home/gabrieu/Workstation/culinarIA/app/src/menu/menu.html [1ms]
2025-03-24 18:26:06.267 [info] > git cat-file -s 7edb69f1e00c6196bdb14e3fa6f23f48a6cbf82d [1ms]
2025-03-24 18:26:09.441 [info] > git show --textconv :app/src/nova-receita/nova-receita.html [13ms]
2025-03-24 18:26:09.441 [info] > git ls-files --stage -- /home/gabrieu/Workstation/culinarIA/app/src/nova-receita/nova-receita.html [1ms]
2025-03-24 18:26:09.452 [info] > git cat-file -s 7f1f25ec41e851ac8ce2e842b5f35ba0e65eb5a6 [2ms]
2025-03-24 18:26:13.510 [info] > git show --textconv :app/src/nova-receita/nova-receita.js [10ms]
2025-03-24 18:26:13.511 [info] > git ls-files --stage -- /home/gabrieu/Workstation/culinarIA/app/src/nova-receita/nova-receita.js [1ms]
2025-03-24 18:26:13.522 [info] > git cat-file -s 59b4e19e637f830f2e44a2ecd925dd582be0f4be [2ms]
2025-03-24 18:26:29.473 [info] > git for-each-ref --format=%(refname)%00%(upstream:short)%00%(objectname)%00%(upstream:track)%00%(upstream:remotename)%00%(upstream:remoteref) refs/heads/main refs/remotes/main [2ms]
2025-03-24 18:26:29.473 [info] > git config --get commit.template [12ms]
2025-03-24 18:26:29.492 [info] > git status -z -uall [11ms]
2025-03-24 18:26:29.493 [info] > git for-each-ref --sort -committerdate --format %(refname) %(objectname) %(*objectname) [1ms]
2025-03-24 18:27:17.537 [info] > git config --get commit.template [2ms]
2025-03-24 18:27:17.547 [info] > git for-each-ref --format=%(refname)%00%(upstream:short)%00%(objectname)%00%(upstream:track)%00%(upstream:remotename)%00%(upstream:remoteref) refs/heads/main refs/remotes/main [2ms]
2025-03-24 18:27:17.567 [info] > git status -z -uall [11ms]
2025-03-24 18:27:17.567 [info] > git for-each-ref --sort -committerdate --format %(refname) %(objectname) %(*objectname) [2ms]
2025-03-24 18:27:26.588 [info] > git config --get commit.template [12ms]
2025-03-24 18:27:26.589 [info] > git for-each-ref --format=%(refname)%00%(upstream:short)%00%(objectname)%00%(upstream:track)%00%(upstream:remotename)%00%(upstream:remoteref) refs/heads/main refs/remotes/main [2ms]
2025-03-24 18:27:26.613 [info] > git status -z -uall [13ms]
2025-03-24 18:27:26.614 [info] > git for-each-ref --sort -committerdate --format %(refname) %(objectname) %(*objectname) [2ms]
2025-03-24 18:27:58.649 [info] > git config --get commit.template [11ms]
2025-03-24 18:27:58.650 [info] > git for-each-ref --format=%(refname)%00%(upstream:short)%00%(objectname)%00%(upstream:track)%00%(upstream:remotename)%00%(upstream:remoteref) refs/heads/main refs/remotes/main [2ms]
2025-03-24 18:27:58.669 [info] > git status -z -uall [10ms]
2025-03-24 18:27:58.670 [info] > git for-each-ref --sort -committerdate --format %(refname) %(objectname) %(*objectname) [1ms]
2025-03-24 18:29:04.456 [info] > git check-ignore -v -z --stdin [1ms]
2025-03-24 18:29:05.410 [info] > git show --textconv :app/blueprints/auth/auth.py [13ms]
2025-03-24 18:29:05.411 [info] > git ls-files --stage -- /home/gabrieu/Workstation/culinarIA/app/blueprints/auth/auth.py [2ms]
2025-03-24 18:29:05.425 [info] > git cat-file -s 01f01ce22f0fbe7a075103a2dc185e662a1e1b93 [2ms]
2025-03-24 18:29:05.448 [info] > git blame --root --incremental 87481a8b79e10d748e77bb400e8e11daff5fa436 -- /home/gabrieu/Workstation/culinarIA/app/blueprints/auth/auth.py [6ms]
2025-03-24 18:29:11.120 [info] > git show --textconv :app/blueprints/menu/menu.py [10ms]
2025-03-24 18:29:11.121 [info] > git ls-files --stage -- /home/gabrieu/Workstation/culinarIA/app/blueprints/menu/menu.py [1ms]
2025-03-24 18:29:11.131 [info] > git cat-file -s 770346251f41e9aee682d2983956e4eba9804212 [1ms]
2025-03-24 18:29:11.147 [info] > git blame --root --incremental 87481a8b79e10d748e77bb400e8e11daff5fa436 -- /home/gabrieu/Workstation/culinarIA/app/blueprints/menu/menu.py [4ms]
2025-03-24 18:29:13.865 [info] > git show --textconv :app/blueprints/auth/auth.py [11ms]
2025-03-24 18:29:13.867 [info] > git ls-files --stage -- /home/gabrieu/Workstation/culinarIA/app/blueprints/auth/auth.py [3ms]
2025-03-24 18:29:13.876 [info] > git cat-file -s 01f01ce22f0fbe7a075103a2dc185e662a1e1b93 [1ms]
2025-03-24 18:29:18.134 [info] > git show --textconv :app/blueprints/recipe/recipe.py [12ms]
2025-03-24 18:29:18.135 [info] > git ls-files --stage -- /home/gabrieu/Workstation/culinarIA/app/blueprints/recipe/recipe.py [2ms]
2025-03-24 18:29:18.146 [info] > git cat-file -s b4fc546182e2ffae07b4b237730fd23fc51c1b22 [2ms]
2025-03-24 18:29:18.168 [info] > git blame --root --incremental 87481a8b79e10d748e77bb400e8e11daff5fa436 -- /home/gabrieu/Workstation/culinarIA/app/blueprints/recipe/recipe.py [7ms]
2025-03-24 18:31:06.208 [info] > git config --get commit.template [2ms]
2025-03-24 18:31:06.227 [info] > git ls-files --stage -- /home/gabrieu/Workstation/culinarIA/app/blueprints/recipe/recipe.py [10ms]
2025-03-24 18:31:06.236 [info] > git for-each-ref --format=%(refname)%00%(upstream:short)%00%(objectname)%00%(upstream:track)%00%(upstream:remotename)%00%(upstream:remoteref) refs/heads/main refs/remotes/main [10ms]
2025-03-24 18:31:06.237 [info] > git cat-file -s 7cd03508068ccd75e92369b46fe73ecd7a03bcd5 [1ms]
2025-03-24 18:31:06.258 [info] > git status -z -uall [10ms]
2025-03-24 18:31:06.267 [info] > git for-each-ref --sort -committerdate --format %(refname) %(objectname) %(*objectname) [10ms]
2025-03-24 18:31:06.291 [info] > git show --textconv :app/blueprints/recipe/recipe.py [24ms]
2025-03-24 18:31:06.292 [info] > git merge-base refs/heads/main refs/remotes/origin/main [2ms]
2025-03-24 18:31:06.302 [info] > git blame --root --incremental e49d31649ff6e35fd22c2220761f00c92f9c2182 -- /home/gabrieu/Workstation/culinarIA/app/blueprints/recipe/recipe.py [23ms]
2025-03-24 18:31:06.305 [info] > git diff --name-status -z --diff-filter=ADMR 87481a8b79e10d748e77bb400e8e11daff5fa436...refs/remotes/origin/main [3ms]
2025-03-24 18:31:11.304 [info] > git config --get commit.template [1ms]
2025-03-24 18:31:11.314 [info] > git for-each-ref --format=%(refname)%00%(upstream:short)%00%(objectname)%00%(upstream:track)%00%(upstream:remotename)%00%(upstream:remoteref) refs/heads/main refs/remotes/main [2ms]
2025-03-24 18:31:11.332 [info] > git status -z -uall [10ms]
2025-03-24 18:31:11.333 [info] > git for-each-ref --sort -committerdate --format %(refname) %(objectname) %(*objectname) [2ms]
2025-03-24 18:31:13.983 [info] > git show --textconv :app/src/menu/menu.html [10ms]
2025-03-24 18:31:13.984 [info] > git ls-files --stage -- /home/gabrieu/Workstation/culinarIA/app/src/menu/menu.html [2ms]
2025-03-24 18:31:13.995 [info] > git cat-file -s a53fa6200b10f8f2af212e8ddf05bde8da3465a5 [1ms]
2025-03-24 18:31:14.011 [info] > git blame --root --incremental e49d31649ff6e35fd22c2220761f00c92f9c2182 -- /home/gabrieu/Workstation/culinarIA/app/src/menu/menu.html [4ms]
2025-03-24 18:31:22.529 [info] > git show --textconv :app/src/menu/menu.js [11ms]
2025-03-24 18:31:22.530 [info] > git ls-files --stage -- /home/gabrieu/Workstation/culinarIA/app/src/menu/menu.js [2ms]
2025-03-24 18:31:22.539 [info] > git cat-file -s 9e96cccb2e1b62d091143a68435113a73e3f84d0 [1ms]
2025-03-24 18:31:22.553 [info] > git blame --root --incremental e49d31649ff6e35fd22c2220761f00c92f9c2182 -- /home/gabrieu/Workstation/culinarIA/app/src/menu/menu.js [2ms]
2025-03-24 18:31:26.566 [info] > git show --textconv :app/src/menu/menu.html [11ms]
2025-03-24 18:31:26.567 [info] > git ls-files --stage -- /home/gabrieu/Workstation/culinarIA/app/src/menu/menu.html [2ms]
2025-03-24 18:31:26.577 [info] > git cat-file -s a53fa6200b10f8f2af212e8ddf05bde8da3465a5 [2ms]
2025-03-24 18:31:44.107 [info] > git config --get commit.template [12ms]
2025-03-24 18:31:44.108 [info] > git for-each-ref --format=%(refname)%00%(upstream:short)%00%(objectname)%00%(upstream:track)%00%(upstream:remotename)%00%(upstream:remoteref) refs/heads/main refs/remotes/main [2ms]
2025-03-24 18:31:44.128 [info] > git status -z -uall [11ms]
2025-03-24 18:31:44.129 [info] > git for-each-ref --sort -committerdate --format %(refname) %(objectname) %(*objectname) [2ms]
2025-03-24 18:32:01.932 [info] > git config --get commit.template [1ms]
2025-03-24 18:32:01.941 [info] > git for-each-ref --format=%(refname)%00%(upstream:short)%00%(objectname)%00%(upstream:track)%00%(upstream:remotename)%00%(upstream:remoteref) refs/heads/main refs/remotes/main [1ms]
2025-03-24 18:32:01.960 [info] > git status -z -uall [10ms]
2025-03-24 18:32:01.961 [info] > git for-each-ref --sort -committerdate --format %(refname) %(objectname) %(*objectname) [2ms]
2025-03-24 18:32:10.799 [info] > git config --get commit.template [12ms]
2025-03-24 18:32:10.800 [info] > git for-each-ref --format=%(refname)%00%(upstream:short)%00%(objectname)%00%(upstream:track)%00%(upstream:remotename)%00%(upstream:remoteref) refs/heads/main refs/remotes/main [2ms]
2025-03-24 18:32:10.823 [info] > git status -z -uall [12ms]
2025-03-24 18:32:10.825 [info] > git for-each-ref --sort -committerdate --format %(refname) %(objectname) %(*objectname) [3ms]
2025-03-24 18:32:17.873 [info] > git config --get commit.template [10ms]
2025-03-24 18:32:17.875 [info] > git for-each-ref --format=%(refname)%00%(upstream:short)%00%(objectname)%00%(upstream:track)%00%(upstream:remotename)%00%(upstream:remoteref) refs/heads/main refs/remotes/main [2ms]
2025-03-24 18:32:17.893 [info] > git status -z -uall [9ms]
2025-03-24 18:32:17.894 [info] > git for-each-ref --sort -committerdate --format %(refname) %(objectname) %(*objectname) [1ms]
2025-03-24 18:32:40.213 [info] > git config --get commit.template [2ms]
2025-03-24 18:32:40.226 [info] > git for-each-ref --format=%(refname)%00%(upstream:short)%00%(objectname)%00%(upstream:track)%00%(upstream:remotename)%00%(upstream:remoteref) refs/heads/main refs/remotes/main [2ms]
2025-03-24 18:32:40.245 [info] > git status -z -uall [9ms]
2025-03-24 18:32:40.246 [info] > git for-each-ref --sort -committerdate --format %(refname) %(objectname) %(*objectname) [1ms]
2025-03-24 18:33:09.258 [info] > git config --get commit.template [10ms]
2025-03-24 18:33:09.259 [info] > git for-each-ref --format=%(refname)%00%(upstream:short)%00%(objectname)%00%(upstream:track)%00%(upstream:remotename)%00%(upstream:remoteref) refs/heads/main refs/remotes/main [1ms]
2025-03-24 18:33:09.278 [info] > git status -z -uall [10ms]
2025-03-24 18:33:09.278 [info] > git for-each-ref --sort -committerdate --format %(refname) %(objectname) %(*objectname) [0ms]
2025-03-24 18:33:14.569 [info] > git check-ignore -v -z --stdin [1ms]
2025-03-24 18:33:22.072 [info] > git show --textconv :app/blueprints/menu/menu.py [10ms]
2025-03-24 18:33:22.073 [info] > git ls-files --stage -- /home/gabrieu/Workstation/culinarIA/app/blueprints/menu/menu.py [2ms]
2025-03-24 18:33:22.082 [info] > git cat-file -s 770346251f41e9aee682d2983956e4eba9804212 [1ms]
2025-03-24 18:33:22.098 [info] > git blame --root --incremental e49d31649ff6e35fd22c2220761f00c92f9c2182 -- /home/gabrieu/Workstation/culinarIA/app/blueprints/menu/menu.py [4ms]
2025-03-24 18:33:33.531 [info] > git show --textconv :README.md [11ms]
2025-03-24 18:33:33.532 [info] > git ls-files --stage -- /home/gabrieu/Workstation/culinarIA/README.md [1ms]
2025-03-24 18:33:33.545 [info] > git cat-file -s dcd203a73dc15e611565a7b9c9ea516a0f6ca252 [2ms]
2025-03-24 18:33:33.574 [info] > git blame --root --incremental e49d31649ff6e35fd22c2220761f00c92f9c2182 -- /home/gabrieu/Workstation/culinarIA/README.md [6ms]
2025-03-24 18:34:19.004 [info] > git config --get commit.template [0ms]
2025-03-24 18:34:19.014 [info] > git for-each-ref --format=%(refname)%00%(upstream:short)%00%(objectname)%00%(upstream:track)%00%(upstream:remotename)%00%(upstream:remoteref) refs/heads/main refs/remotes/main [2ms]
2025-03-24 18:34:19.033 [info] > git status -z -uall [10ms]
2025-03-24 18:34:19.034 [info] > git for-each-ref --sort -committerdate --format %(refname) %(objectname) %(*objectname) [1ms]
2025-03-24 18:34:24.047 [info] > git config --get commit.template [1ms]
2025-03-24 18:34:24.057 [info] > git for-each-ref --format=%(refname)%00%(upstream:short)%00%(objectname)%00%(upstream:track)%00%(upstream:remotename)%00%(upstream:remoteref) refs/heads/main refs/remotes/main [2ms]
2025-03-24 18:34:24.075 [info] > git status -z -uall [10ms]
2025-03-24 18:34:24.076 [info] > git for-each-ref --sort -committerdate --format %(refname) %(objectname) %(*objectname) [2ms]
2025-03-24 18:34:29.089 [info] > git config --get commit.template [1ms]
2025-03-24 18:34:29.100 [info] > git for-each-ref --format=%(refname)%00%(upstream:short)%00%(objectname)%00%(upstream:track)%00%(upstream:remotename)%00%(upstream:remoteref) refs/heads/main refs/remotes/main [2ms]
2025-03-24 18:34:29.119 [info] > git status -z -uall [11ms]
2025-03-24 18:34:29.120 [info] > git for-each-ref --sort -committerdate --format %(refname) %(objectname) %(*objectname) [2ms]
2025-03-24 18:36:36.450 [info] > git config --get commit.template [11ms]
2025-03-24 18:36:36.460 [info] > git ls-files --stage -- /home/gabrieu/Workstation/culinarIA/README.md [11ms]
2025-03-24 18:36:36.471 [info] > git for-each-ref --format=%(refname)%00%(upstream:short)%00%(objectname)%00%(upstream:track)%00%(upstream:remotename)%00%(upstream:remoteref) refs/heads/main refs/remotes/main [12ms]
2025-03-24 18:36:36.471 [info] > git cat-file -s dcd203a73dc15e611565a7b9c9ea516a0f6ca252 [1ms]
2025-03-24 18:36:36.491 [info] > git status -z -uall [10ms]
2025-03-24 18:36:36.503 [info] > git for-each-ref --sort -committerdate --format %(refname) %(objectname) %(*objectname) [12ms]
2025-03-24 18:36:36.516 [info] > git show --textconv :README.md [15ms]
2025-03-24 18:36:36.516 [info] > git merge-base refs/heads/main refs/remotes/origin/main [2ms]
2025-03-24 18:36:36.527 [info] > git diff --name-status -z --diff-filter=ADMR e49d31649ff6e35fd22c2220761f00c92f9c2182...refs/remotes/origin/main [2ms]
2025-03-24 18:37:11.023 [info] > git config --get commit.template [14ms]
2025-03-24 18:37:11.024 [info] > git for-each-ref --format=%(refname)%00%(upstream:short)%00%(objectname)%00%(upstream:track)%00%(upstream:remotename)%00%(upstream:remoteref) refs/heads/main refs/remotes/main [2ms]
2025-03-24 18:37:11.047 [info] > git status -z -uall [10ms]
2025-03-24 18:37:11.048 [info] > git for-each-ref --sort -committerdate --format %(refname) %(objectname) %(*objectname) [2ms]
2025-03-24 18:38:04.476 [info] > git config --get commit.template [12ms]
2025-03-24 18:38:04.488 [info] > git ls-files --stage -- /home/gabrieu/Workstation/culinarIA/README.md [12ms]
2025-03-24 18:38:04.497 [info] > git for-each-ref --format=%(refname)%00%(upstream:short)%00%(objectname)%00%(upstream:track)%00%(upstream:remotename)%00%(upstream:remoteref) refs/heads/main refs/remotes/main [9ms]
2025-03-24 18:38:04.497 [info] > git cat-file -s dcd203a73dc15e611565a7b9c9ea516a0f6ca252 [1ms]
2025-03-24 18:38:04.517 [info] > git status -z -uall [9ms]
2025-03-24 18:38:04.529 [info] > git for-each-ref --sort -committerdate --format %(refname) %(objectname) %(*objectname) [13ms]
2025-03-24 18:38:04.532 [info] > git show --textconv :README.md [4ms]
2025-03-24 18:41:22.397 [info] > git show --textconv :app/src/style.css [10ms]
2025-03-24 18:41:22.398 [info] > git ls-files --stage -- /home/gabrieu/Workstation/culinarIA/app/src/style.css [2ms]
2025-03-24 18:41:22.407 [info] > git cat-file -s dcacd75db9c7af7db49eeceb9ff6ac266d35c583 [1ms]
2025-03-24 18:41:22.425 [info] > git blame --root --incremental e49d31649ff6e35fd22c2220761f00c92f9c2182 -- /home/gabrieu/Workstation/culinarIA/app/src/style.css [4ms]
2025-03-24 18:41:26.676 [info] > git config --get commit.template [1ms]
2025-03-24 18:41:26.686 [info] > git for-each-ref --format=%(refname)%00%(upstream:short)%00%(objectname)%00%(upstream:track)%00%(upstream:remotename)%00%(upstream:remoteref) refs/heads/main refs/remotes/main [2ms]
2025-03-24 18:41:26.705 [info] > git status -z -uall [11ms]
2025-03-24 18:41:26.706 [info] > git for-each-ref --sort -committerdate --format %(refname) %(objectname) %(*objectname) [2ms]
2025-03-24 18:41:56.299 [info] > git show --textconv :app/src/layout.html [10ms]
2025-03-24 18:41:56.300 [info] > git ls-files --stage -- /home/gabrieu/Workstation/culinarIA/app/src/layout.html [2ms]
2025-03-24 18:41:56.310 [info] > git cat-file -s 9d2197f3f4b3713ce0288c78398ae7815686704a [2ms]
2025-03-24 18:41:56.380 [info] > git blame --root --incremental e49d31649ff6e35fd22c2220761f00c92f9c2182 -- /home/gabrieu/Workstation/culinarIA/app/src/layout.html [4ms]
2025-03-24 18:42:02.841 [info] > git config --get commit.template [0ms]
2025-03-24 18:42:02.850 [info] > git for-each-ref --format=%(refname)%00%(upstream:short)%00%(objectname)%00%(upstream:track)%00%(upstream:remotename)%00%(upstream:remoteref) refs/heads/main refs/remotes/main [1ms]
2025-03-24 18:42:02.869 [info] > git status -z -uall [10ms]
2025-03-24 18:42:02.869 [info] > git for-each-ref --sort -committerdate --format %(refname) %(objectname) %(*objectname) [1ms]
2025-03-24 18:42:54.634 [info] > git config --get commit.template [1ms]
2025-03-24 18:42:54.645 [info] > git for-each-ref --format=%(refname)%00%(upstream:short)%00%(objectname)%00%(upstream:track)%00%(upstream:remotename)%00%(upstream:remoteref) refs/heads/main refs/remotes/main [1ms]
2025-03-24 18:42:54.664 [info] > git status -z -uall [10ms]
2025-03-24 18:42:54.666 [info] > git for-each-ref --sort -committerdate --format %(refname) %(objectname) %(*objectname) [2ms]
2025-03-24 18:43:23.805 [info] > git show --textconv :app/src/menu/menu.html [9ms]
2025-03-24 18:43:23.806 [info] > git ls-files --stage -- /home/gabrieu/Workstation/culinarIA/app/src/menu/menu.html [1ms]
2025-03-24 18:43:23.816 [info] > git cat-file -s a53fa6200b10f8f2af212e8ddf05bde8da3465a5 [1ms]
2025-03-24 18:44:34.441 [info] > git show --textconv :app/src/layout.html [11ms]
2025-03-24 18:44:34.442 [info] > git ls-files --stage -- /home/gabrieu/Workstation/culinarIA/app/src/layout.html [1ms]
2025-03-24 18:44:34.452 [info] > git cat-file -s 9d2197f3f4b3713ce0288c78398ae7815686704a [1ms]
2025-03-24 18:44:38.214 [info] > git config --get commit.template [10ms]
2025-03-24 18:44:38.215 [info] > git for-each-ref --format=%(refname)%00%(upstream:short)%00%(objectname)%00%(upstream:track)%00%(upstream:remotename)%00%(upstream:remoteref) refs/heads/main refs/remotes/main [2ms]
2025-03-24 18:44:38.233 [info] > git status -z -uall [10ms]
2025-03-24 18:44:38.234 [info] > git for-each-ref --sort -committerdate --format %(refname) %(objectname) %(*objectname) [2ms]
2025-03-24 18:44:44.320 [info] > git config --get commit.template [1ms]
2025-03-24 18:44:44.331 [info] > git for-each-ref --format=%(refname)%00%(upstream:short)%00%(objectname)%00%(upstream:track)%00%(upstream:remotename)%00%(upstream:remoteref) refs/heads/main refs/remotes/main [2ms]
2025-03-24 18:44:44.351 [info] > git status -z -uall [11ms]
2025-03-24 18:44:44.351 [info] > git for-each-ref --sort -committerdate --format %(refname) %(objectname) %(*objectname) [1ms]
2025-03-24 18:46:37.006 [info] > git show --textconv :app/blueprints/recipe/recipe.py [11ms]
2025-03-24 18:46:37.007 [info] > git ls-files --stage -- /home/gabrieu/Workstation/culinarIA/app/blueprints/recipe/recipe.py [1ms]
2025-03-24 18:46:37.017 [info] > git cat-file -s 7cd03508068ccd75e92369b46fe73ecd7a03bcd5 [2ms]
2025-03-24 18:46:37.647 [info] > git show --textconv :app/src/layout.html [12ms]
2025-03-24 18:46:37.648 [info] > git ls-files --stage -- /home/gabrieu/Workstation/culinarIA/app/src/layout.html [2ms]
2025-03-24 18:46:37.664 [info] > git cat-file -s 9d2197f3f4b3713ce0288c78398ae7815686704a [2ms]
2025-03-24 18:48:00.706 [info] > git show --textconv :app/src/style.css [14ms]
2025-03-24 18:48:00.707 [info] > git ls-files --stage -- /home/gabrieu/Workstation/culinarIA/app/src/style.css [3ms]
2025-03-24 18:48:00.718 [info] > git cat-file -s dcacd75db9c7af7db49eeceb9ff6ac266d35c583 [2ms]
2025-03-24 18:48:22.710 [info] > git show --textconv :app/src/layout.html [11ms]
2025-03-24 18:48:22.711 [info] > git ls-files --stage -- /home/gabrieu/Workstation/culinarIA/app/src/layout.html [1ms]
2025-03-24 18:48:22.721 [info] > git cat-file -s 9d2197f3f4b3713ce0288c78398ae7815686704a [1ms]
2025-03-24 18:48:30.507 [info] > git show --textconv :app/src/nova-receita/nova-receita.js [10ms]
2025-03-24 18:48:30.509 [info] > git ls-files --stage -- /home/gabrieu/Workstation/culinarIA/app/src/nova-receita/nova-receita.js [2ms]
2025-03-24 18:48:30.519 [info] > git cat-file -s 59b4e19e637f830f2e44a2ecd925dd582be0f4be [1ms]
2025-03-24 18:48:30.537 [info] > git blame --root --incremental e49d31649ff6e35fd22c2220761f00c92f9c2182 -- /home/gabrieu/Workstation/culinarIA/app/src/nova-receita/nova-receita.js [5ms]
2025-03-24 18:49:28.820 [info] > git show --textconv :app/src/nova-receita/nova-receita.html [11ms]
2025-03-24 18:49:28.821 [info] > git ls-files --stage -- /home/gabrieu/Workstation/culinarIA/app/src/nova-receita/nova-receita.html [2ms]
2025-03-24 18:49:28.831 [info] > git cat-file -s 7f1f25ec41e851ac8ce2e842b5f35ba0e65eb5a6 [1ms]
2025-03-24 18:49:28.848 [info] > git blame --root --incremental e49d31649ff6e35fd22c2220761f00c92f9c2182 -- /home/gabrieu/Workstation/culinarIA/app/src/nova-receita/nova-receita.html [5ms]
2025-03-24 18:49:32.151 [info] > git config --get commit.template [1ms]
2025-03-24 18:49:32.161 [info] > git for-each-ref --format=%(refname)%00%(upstream:short)%00%(objectname)%00%(upstream:track)%00%(upstream:remotename)%00%(upstream:remoteref) refs/heads/main refs/remotes/main [1ms]
2025-03-24 18:49:32.181 [info] > git status -z -uall [10ms]
2025-03-24 18:49:32.182 [info] > git for-each-ref --sort -committerdate --format %(refname) %(objectname) %(*objectname) [1ms]
2025-03-24 18:49:55.487 [info] > git show --textconv :app/src/nova-receita/nova-receita.js [9ms]
2025-03-24 18:49:55.488 [info] > git ls-files --stage -- /home/gabrieu/Workstation/culinarIA/app/src/nova-receita/nova-receita.js [2ms]
2025-03-24 18:49:55.498 [info] > git cat-file -s 59b4e19e637f830f2e44a2ecd925dd582be0f4be [1ms]
2025-03-24 18:49:59.163 [info] > git config --get commit.template [9ms]
2025-03-24 18:49:59.164 [info] > git for-each-ref --format=%(refname)%00%(upstream:short)%00%(objectname)%00%(upstream:track)%00%(upstream:remotename)%00%(upstream:remoteref) refs/heads/main refs/remotes/main [2ms]
2025-03-24 18:49:59.184 [info] > git status -z -uall [11ms]
2025-03-24 18:49:59.184 [info] > git for-each-ref --sort -committerdate --format %(refname) %(objectname) %(*objectname) [2ms]
2025-03-24 18:57:38.025 [info] > git config --get commit.template [11ms]
2025-03-24 18:57:38.035 [info] > git ls-files --stage -- /home/gabrieu/Workstation/culinarIA/app/src/nova-receita/nova-receita.js [11ms]
2025-03-24 18:57:38.045 [info] > git for-each-ref --format=%(refname)%00%(upstream:short)%00%(objectname)%00%(upstream:track)%00%(upstream:remotename)%00%(upstream:remoteref) refs/heads/main refs/remotes/main [11ms]
2025-03-24 18:57:38.045 [info] > git cat-file -s 59b4e19e637f830f2e44a2ecd925dd582be0f4be [1ms]
2025-03-24 18:57:38.065 [info] > git status -z -uall [10ms]
2025-03-24 18:57:38.075 [info] > git show --textconv :app/src/nova-receita/nova-receita.js [1ms]
2025-03-24 18:57:38.075 [info] > git for-each-ref --sort -committerdate --format %(refname) %(objectname) %(*objectname) [11ms]
2025-03-24 18:57:38.089 [info] > git merge-base refs/heads/main refs/remotes/origin/main [2ms]
2025-03-24 18:57:38.099 [info] > git diff --name-status -z --diff-filter=ADMR e49d31649ff6e35fd22c2220761f00c92f9c2182...refs/remotes/origin/main [1ms]
2025-03-24 18:58:30.811 [info] > git show --textconv :README.md [11ms]
2025-03-24 18:58:30.811 [info] > git ls-files --stage -- /home/gabrieu/Workstation/culinarIA/README.md [1ms]
2025-03-24 18:58:30.822 [info] > git cat-file -s dcd203a73dc15e611565a7b9c9ea516a0f6ca252 [1ms]
2025-03-24 19:00:27.028 [info] > git show --textconv :app/src/nova-receita/nova-receita.html [10ms]
2025-03-24 19:00:27.029 [info] > git ls-files --stage -- /home/gabrieu/Workstation/culinarIA/app/src/nova-receita/nova-receita.html [1ms]
2025-03-24 19:00:27.039 [info] > git cat-file -s 7f1f25ec41e851ac8ce2e842b5f35ba0e65eb5a6 [2ms]
2025-03-24 19:00:31.554 [info] > git show --textconv HEAD:app/src/nova-receita/nova-receita.html [12ms]
2025-03-24 19:00:31.554 [info] > git ls-tree -l HEAD -- /home/gabrieu/Workstation/culinarIA/app/src/nova-receita/nova-receita.html [2ms]
2025-03-24 19:00:33.666 [info] > git config --get commit.template [1ms]
2025-03-24 19:00:33.676 [info] > git for-each-ref --format=%(refname)%00%(upstream:short)%00%(objectname)%00%(upstream:track)%00%(upstream:remotename)%00%(upstream:remoteref) refs/heads/main refs/remotes/main [1ms]
2025-03-24 19:00:33.695 [info] > git status -z -uall [10ms]
2025-03-24 19:00:33.696 [info] > git for-each-ref --sort -committerdate --format %(refname) %(objectname) %(*objectname) [1ms]
2025-03-24 19:00:38.708 [info] > git config --get commit.template [1ms]
2025-03-24 19:00:38.718 [info] > git for-each-ref --format=%(refname)%00%(upstream:short)%00%(objectname)%00%(upstream:track)%00%(upstream:remotename)%00%(upstream:remoteref) refs/heads/main refs/remotes/main [2ms]
2025-03-24 19:00:38.736 [info] > git status -z -uall [10ms]
2025-03-24 19:00:38.737 [info] > git for-each-ref --sort -committerdate --format %(refname) %(objectname) %(*objectname) [1ms]
2025-03-24 19:01:11.232 [info] > git ls-files --stage -- /home/gabrieu/Workstation/culinarIA/app/src/nova-receita/nova-receita.html [9ms]
2025-03-24 19:01:11.242 [info] > git config --get commit.template [32ms]
2025-03-24 19:01:11.251 [info] > git ls-tree -l HEAD -- /home/gabrieu/Workstation/culinarIA/app/src/nova-receita/nova-receita.html [20ms]
2025-03-24 19:01:11.252 [info] > git for-each-ref --format=%(refname)%00%(upstream:short)%00%(objectname)%00%(upstream:track)%00%(upstream:remotename)%00%(upstream:remoteref) refs/heads/main refs/remotes/main [2ms]
2025-03-24 19:01:11.252 [info] > git cat-file -s 7f1f25ec41e851ac8ce2e842b5f35ba0e65eb5a6 [10ms]
2025-03-24 19:01:11.272 [info] > git status -z -uall [11ms]
2025-03-24 19:01:11.292 [info] > git show --textconv HEAD:app/src/nova-receita/nova-receita.html [12ms]
2025-03-24 19:01:11.293 [info] > git for-each-ref --sort -committerdate --format %(refname) %(objectname) %(*objectname) [21ms]
2025-03-24 19:01:11.296 [info] > git show --textconv :app/src/nova-receita/nova-receita.html [6ms]
2025-03-24 19:01:15.035 [info] > git show --textconv :app/blueprints/menu/menu.py [10ms]
2025-03-24 19:01:15.036 [info] > git ls-files --stage -- /home/gabrieu/Workstation/culinarIA/app/blueprints/menu/menu.py [2ms]
2025-03-24 19:01:15.045 [info] > git cat-file -s 770346251f41e9aee682d2983956e4eba9804212 [1ms]
2025-03-24 19:01:21.772 [info] > git show --textconv HEAD:app/blueprints/menu/menu.py [9ms]
2025-03-24 19:01:21.773 [info] > git ls-tree -l HEAD -- /home/gabrieu/Workstation/culinarIA/app/blueprints/menu/menu.py [1ms]
2025-03-24 19:01:23.658 [info] > git show --textconv :app/blueprints/auth/auth.py [11ms]
2025-03-24 19:01:23.659 [info] > git ls-files --stage -- /home/gabrieu/Workstation/culinarIA/app/blueprints/auth/auth.py [2ms]
2025-03-24 19:01:23.670 [info] > git cat-file -s 01f01ce22f0fbe7a075103a2dc185e662a1e1b93 [2ms]
2025-03-24 19:01:23.687 [info] > git blame --root --incremental e49d31649ff6e35fd22c2220761f00c92f9c2182 -- /home/gabrieu/Workstation/culinarIA/app/blueprints/auth/auth.py [5ms]
2025-03-24 19:01:23.882 [info] > git config --get commit.template [10ms]
2025-03-24 19:01:23.883 [info] > git for-each-ref --format=%(refname)%00%(upstream:short)%00%(objectname)%00%(upstream:track)%00%(upstream:remotename)%00%(upstream:remoteref) refs/heads/main refs/remotes/main [1ms]
2025-03-24 19:01:23.904 [info] > git status -z -uall [12ms]
2025-03-24 19:01:23.905 [info] > git for-each-ref --sort -committerdate --format %(refname) %(objectname) %(*objectname) [2ms]
2025-03-24 19:01:27.677 [info] > git show --textconv HEAD:app/blueprints/auth/auth.py [10ms]
2025-03-24 19:01:27.679 [info] > git ls-tree -l HEAD -- /home/gabrieu/Workstation/culinarIA/app/blueprints/auth/auth.py [2ms]
2025-03-24 19:01:29.782 [info] > git config --get commit.template [1ms]
2025-03-24 19:01:29.792 [info] > git for-each-ref --format=%(refname)%00%(upstream:short)%00%(objectname)%00%(upstream:track)%00%(upstream:remotename)%00%(upstream:remoteref) refs/heads/main refs/remotes/main [1ms]
2025-03-24 19:01:29.812 [info] > git status -z -uall [10ms]
2025-03-24 19:01:29.813 [info] > git for-each-ref --sort -committerdate --format %(refname) %(objectname) %(*objectname) [2ms]
2025-03-24 19:01:33.642 [info] > git show --textconv :app/src/menu/menu.html [9ms]
2025-03-24 19:01:33.643 [info] > git ls-files --stage -- /home/gabrieu/Workstation/culinarIA/app/src/menu/menu.html [2ms]
2025-03-24 19:01:33.654 [info] > git cat-file -s a53fa6200b10f8f2af212e8ddf05bde8da3465a5 [2ms]
2025-03-24 19:01:38.078 [info] > git show --textconv :README.md [10ms]
2025-03-24 19:01:38.079 [info] > git ls-files --stage -- /home/gabrieu/Workstation/culinarIA/README.md [1ms]
2025-03-24 19:01:38.090 [info] > git cat-file -s dcd203a73dc15e611565a7b9c9ea516a0f6ca252 [1ms]
2025-03-24 19:01:43.551 [info] > git config --get commit.template [1ms]
2025-03-24 19:01:43.561 [info] > git for-each-ref --format=%(refname)%00%(upstream:short)%00%(objectname)%00%(upstream:track)%00%(upstream:remotename)%00%(upstream:remoteref) refs/heads/main refs/remotes/main [1ms]
2025-03-24 19:01:43.581 [info] > git status -z -uall [10ms]
2025-03-24 19:01:43.582 [info] > git for-each-ref --sort -committerdate --format %(refname) %(objectname) %(*objectname) [2ms]
2025-03-24 19:01:45.880 [info] > git show --textconv :app/src/style.css [10ms]
2025-03-24 19:01:45.881 [info] > git ls-files --stage -- /home/gabrieu/Workstation/culinarIA/app/src/style.css [1ms]
2025-03-24 19:01:45.892 [info] > git cat-file -s dcacd75db9c7af7db49eeceb9ff6ac266d35c583 [2ms]
2025-03-24 19:02:00.423 [info] > git config --get commit.template [10ms]
2025-03-24 19:02:00.423 [info] > git for-each-ref --format=%(refname)%00%(upstream:short)%00%(objectname)%00%(upstream:track)%00%(upstream:remotename)%00%(upstream:remoteref) refs/heads/main refs/remotes/main [1ms]
2025-03-24 19:02:00.444 [info] > git status -z -uall [11ms]
2025-03-24 19:02:00.486 [info] > git ls-tree -l HEAD -- /home/gabrieu/Workstation/culinarIA/app/blueprints/auth/auth.py [11ms]
2025-03-24 19:02:00.487 [info] > git ls-tree -l HEAD -- /home/gabrieu/Workstation/culinarIA/app/blueprints/menu/menu.py [23ms]
2025-03-24 19:02:00.487 [info] > git ls-tree -l HEAD -- /home/gabrieu/Workstation/culinarIA/app/src/nova-receita/nova-receita.html [33ms]
2025-03-24 19:02:00.488 [info] > git for-each-ref --sort -committerdate --format %(refname) %(objectname) %(*objectname) [45ms]
2025-03-24 19:02:00.491 [info] > git ls-files --stage -- /home/gabrieu/Workstation/culinarIA/app/src/style.css [6ms]
2025-03-24 19:02:00.503 [info] > git cat-file -s dcacd75db9c7af7db49eeceb9ff6ac266d35c583 [2ms]
2025-03-24 19:02:00.550 [info] > git show --textconv HEAD:app/blueprints/auth/auth.py [29ms]
2025-03-24 19:02:00.550 [info] > git show --textconv HEAD:app/blueprints/menu/menu.py [20ms]
2025-03-24 19:02:00.550 [info] > git show --textconv HEAD:app/src/nova-receita/nova-receita.html [11ms]
2025-03-24 19:02:00.550 [info] > git show --textconv :app/src/style.css [1ms]
2025-03-24 19:02:05.511 [info] > git config --get commit.template [11ms]
2025-03-24 19:02:05.511 [info] > git for-each-ref --format=%(refname)%00%(upstream:short)%00%(objectname)%00%(upstream:track)%00%(upstream:remotename)%00%(upstream:remoteref) refs/heads/main refs/remotes/main [2ms]
2025-03-24 19:02:05.531 [info] > git status -z -uall [11ms]
2025-03-24 19:02:05.531 [info] > git for-each-ref --sort -committerdate --format %(refname) %(objectname) %(*objectname) [1ms]
2025-03-24 19:02:11.354 [info] > git config --get commit.template [1ms]
2025-03-24 19:02:11.364 [info] > git for-each-ref --format=%(refname)%00%(upstream:short)%00%(objectname)%00%(upstream:track)%00%(upstream:remotename)%00%(upstream:remoteref) refs/heads/main refs/remotes/main [1ms]
2025-03-24 19:02:11.385 [info] > git status -z -uall [11ms]
2025-03-24 19:02:11.389 [info] > git for-each-ref --sort -committerdate --format %(refname) %(objectname) %(*objectname) [6ms]
2025-03-24 19:02:11.711 [info] > git show --textconv :app/src/layout.html [11ms]
2025-03-24 19:02:11.712 [info] > git ls-files --stage -- /home/gabrieu/Workstation/culinarIA/app/src/layout.html [2ms]
2025-03-24 19:02:11.723 [info] > git cat-file -s 9d2197f3f4b3713ce0288c78398ae7815686704a [1ms]
2025-03-24 19:02:18.422 [info] > git show --textconv :app/src/nova-receita/nova-receita.js [20ms]
2025-03-24 19:02:18.423 [info] > git config --get commit.template [1ms]
2025-03-24 19:02:18.423 [info] > git ls-files --stage -- /home/gabrieu/Workstation/culinarIA/app/src/nova-receita/nova-receita.js [11ms]
2025-03-24 19:02:18.443 [info] > git cat-file -s 59b4e19e637f830f2e44a2ecd925dd582be0f4be [11ms]
2025-03-24 19:02:18.444 [info] > git for-each-ref --format=%(refname)%00%(upstream:short)%00%(objectname)%00%(upstream:track)%00%(upstream:remotename)%00%(upstream:remoteref) refs/heads/main refs/remotes/main [2ms]
2025-03-24 19:02:18.466 [info] > git status -z -uall [11ms]
2025-03-24 19:02:18.467 [info] > git for-each-ref --sort -committerdate --format %(refname) %(objectname) %(*objectname) [2ms]
2025-03-24 19:02:23.948 [info] > git config --get commit.template [10ms]
2025-03-24 19:02:23.949 [info] > git for-each-ref --format=%(refname)%00%(upstream:short)%00%(objectname)%00%(upstream:track)%00%(upstream:remotename)%00%(upstream:remoteref) refs/heads/main refs/remotes/main [2ms]
2025-03-24 19:02:23.968 [info] > git status -z -uall [10ms]
2025-03-24 19:02:23.969 [info] > git for-each-ref --sort -committerdate --format %(refname) %(objectname) %(*objectname) [2ms]
2025-03-24 19:02:28.981 [info] > git config --get commit.template [1ms]
2025-03-24 19:02:28.992 [info] > git for-each-ref --format=%(refname)%00%(upstream:short)%00%(objectname)%00%(upstream:track)%00%(upstream:remotename)%00%(upstream:remoteref) refs/heads/main refs/remotes/main [2ms]
2025-03-24 19:02:29.012 [info] > git status -z -uall [10ms]
2025-03-24 19:02:29.013 [info] > git for-each-ref --sort -committerdate --format %(refname) %(objectname) %(*objectname) [1ms]
2025-03-24 19:02:34.033 [info] > git config --get commit.template [9ms]
2025-03-24 19:02:34.034 [info] > git for-each-ref --format=%(refname)%00%(upstream:short)%00%(objectname)%00%(upstream:track)%00%(upstream:remotename)%00%(upstream:remoteref) refs/heads/main refs/remotes/main [1ms]
2025-03-24 19:02:34.055 [info] > git status -z -uall [12ms]
2025-03-24 19:02:34.056 [info] > git for-each-ref --sort -committerdate --format %(refname) %(objectname) %(*objectname) [2ms]
2025-03-24 19:02:37.917 [info] > git show --textconv :app/src/nova-receita/nova-receita.html [10ms]
2025-03-24 19:02:37.918 [info] > git ls-files --stage -- /home/gabrieu/Workstation/culinarIA/app/src/nova-receita/nova-receita.html [2ms]
2025-03-24 19:02:37.929 [info] > git cat-file -s 7f1f25ec41e851ac8ce2e842b5f35ba0e65eb5a6 [1ms]
2025-03-24 19:02:39.070 [info] > git config --get commit.template [1ms]
2025-03-24 19:02:39.080 [info] > git for-each-ref --format=%(refname)%00%(upstream:short)%00%(objectname)%00%(upstream:track)%00%(upstream:remotename)%00%(upstream:remoteref) refs/heads/main refs/remotes/main [1ms]
2025-03-24 19:02:39.099 [info] > git status -z -uall [11ms]
2025-03-24 19:02:39.100 [info] > git for-each-ref --sort -committerdate --format %(refname) %(objectname) %(*objectname) [2ms]
2025-03-24 19:02:45.223 [info] > git config --get commit.template [2ms]
2025-03-24 19:02:45.235 [info] > git for-each-ref --format=%(refname)%00%(upstream:short)%00%(objectname)%00%(upstream:track)%00%(upstream:remotename)%00%(upstream:remoteref) refs/heads/main refs/remotes/main [2ms]
2025-03-24 19:02:45.255 [info] > git status -z -uall [11ms]
2025-03-24 19:02:45.256 [info] > git for-each-ref --sort -committerdate --format %(refname) %(objectname) %(*objectname) [1ms]
2025-03-24 19:02:50.279 [info] > git config --get commit.template [10ms]
2025-03-24 19:02:50.279 [info] > git for-each-ref --format=%(refname)%00%(upstream:short)%00%(objectname)%00%(upstream:track)%00%(upstream:remotename)%00%(upstream:remoteref) refs/heads/main refs/remotes/main [1ms]
2025-03-24 19:02:50.300 [info] > git status -z -uall [11ms]
2025-03-24 19:02:50.300 [info] > git for-each-ref --sort -committerdate --format %(refname) %(objectname) %(*objectname) [1ms]
2025-03-24 19:02:53.566 [info] > git show --textconv :app/src/nova-receita/nova-receita.js [10ms]
2025-03-24 19:02:53.567 [info] > git ls-files --stage -- /home/gabrieu/Workstation/culinarIA/app/src/nova-receita/nova-receita.js [2ms]
2025-03-24 19:02:53.577 [info] > git cat-file -s 59b4e19e637f830f2e44a2ecd925dd582be0f4be [1ms]
2025-03-24 19:03:03.786 [info] > git config --get commit.template [9ms]
2025-03-24 19:03:03.786 [info] > git for-each-ref --format=%(refname)%00%(upstream:short)%00%(objectname)%00%(upstream:track)%00%(upstream:remotename)%00%(upstream:remoteref) refs/heads/main refs/remotes/main [1ms]
2025-03-24 19:03:03.805 [info] > git status -z -uall [10ms]
2025-03-24 19:03:03.806 [info] > git for-each-ref --sort -committerdate --format %(refname) %(objectname) %(*objectname) [1ms]
2025-03-24 19:03:08.817 [info] > git config --get commit.template [1ms]
2025-03-24 19:03:08.829 [info] > git for-each-ref --format=%(refname)%00%(upstream:short)%00%(objectname)%00%(upstream:track)%00%(upstream:remotename)%00%(upstream:remoteref) refs/heads/main refs/remotes/main [2ms]
2025-03-24 19:03:08.849 [info] > git status -z -uall [10ms]
2025-03-24 19:03:08.851 [info] > git for-each-ref --sort -committerdate --format %(refname) %(objectname) %(*objectname) [3ms]
2025-03-24 19:03:11.134 [info] > git show --textconv HEAD:app/src/nova-receita/nova-receita.js [11ms]
2025-03-24 19:03:11.135 [info] > git ls-tree -l HEAD -- /home/gabrieu/Workstation/culinarIA/app/src/nova-receita/nova-receita.js [2ms]
2025-03-24 19:03:13.875 [info] > git config --get commit.template [11ms]
2025-03-24 19:03:13.876 [info] > git for-each-ref --format=%(refname)%00%(upstream:short)%00%(objectname)%00%(upstream:track)%00%(upstream:remotename)%00%(upstream:remoteref) refs/heads/main refs/remotes/main [2ms]
2025-03-24 19:03:13.895 [info] > git status -z -uall [9ms]
2025-03-24 19:03:13.896 [info] > git for-each-ref --sort -committerdate --format %(refname) %(objectname) %(*objectname) [2ms]
2025-03-24 19:03:16.577 [info] > git show --textconv :app/src/menu/menu.html [12ms]
2025-03-24 19:03:16.577 [info] > git ls-files --stage -- /home/gabrieu/Workstation/culinarIA/app/src/menu/menu.html [1ms]
2025-03-24 19:03:16.588 [info] > git cat-file -s a53fa6200b10f8f2af212e8ddf05bde8da3465a5 [1ms]
2025-03-24 19:03:53.272 [info] > git config --get commit.template [12ms]
2025-03-24 19:03:53.272 [info] > git for-each-ref --format=%(refname)%00%(upstream:short)%00%(objectname)%00%(upstream:track)%00%(upstream:remotename)%00%(upstream:remoteref) refs/heads/main refs/remotes/main [1ms]
2025-03-24 19:03:53.295 [info] > git status -z -uall [12ms]
2025-03-24 19:03:53.337 [info] > git ls-tree -l HEAD -- /home/gabrieu/Workstation/culinarIA/app/src/nova-receita/nova-receita.js [10ms]
2025-03-24 19:03:53.337 [info] > git ls-tree -l HEAD -- /home/gabrieu/Workstation/culinarIA/app/blueprints/auth/auth.py [21ms]
2025-03-24 19:03:53.338 [info] > git ls-tree -l HEAD -- /home/gabrieu/Workstation/culinarIA/app/blueprints/menu/menu.py [31ms]
2025-03-24 19:03:53.338 [info] > git for-each-ref --sort -committerdate --format %(refname) %(objectname) %(*objectname) [44ms]
2025-03-24 19:03:53.361 [info] > git blame --root --incremental 0d3188631bc325da9c223ddea4974a572a2a1f21 -- /home/gabrieu/Workstation/culinarIA/app/src/menu/menu.html [12ms]
2025-03-24 19:03:53.362 [info] > git ls-files --stage -- /home/gabrieu/Workstation/culinarIA/app/src/menu/menu.html [27ms]
2025-03-24 19:03:53.402 [info] > git show --textconv HEAD:app/src/nova-receita/nova-receita.js [21ms]
2025-03-24 19:03:53.402 [info] > git show --textconv HEAD:app/blueprints/auth/auth.py [11ms]
2025-03-24 19:03:53.402 [info] > git show --textconv HEAD:app/blueprints/menu/menu.py [2ms]
2025-03-24 19:03:53.402 [info] > git cat-file -s a53fa6200b10f8f2af212e8ddf05bde8da3465a5 [30ms]
2025-03-24 19:03:53.403 [info] > git merge-base refs/heads/main refs/remotes/origin/main [43ms]
2025-03-24 19:03:53.428 [info] > git diff --name-status -z --diff-filter=ADMR 0d3188631bc325da9c223ddea4974a572a2a1f21...refs/remotes/origin/main [14ms]
2025-03-24 19:03:53.429 [info] > git show --textconv :app/src/menu/menu.html [3ms]
2025-03-24 19:04:05.004 [info] > git show --textconv :app/src/menu/menu.js [13ms]
2025-03-24 19:04:05.005 [info] > git ls-files --stage -- /home/gabrieu/Workstation/culinarIA/app/src/menu/menu.js [2ms]
2025-03-24 19:04:05.014 [info] > git cat-file -s 9e96cccb2e1b62d091143a68435113a73e3f84d0 [1ms]
2025-03-24 19:04:05.028 [info] > git blame --root --incremental 0d3188631bc325da9c223ddea4974a572a2a1f21 -- /home/gabrieu/Workstation/culinarIA/app/src/menu/menu.js [2ms]
2025-03-24 19:04:52.394 [info] > git config --get commit.template [2ms]
2025-03-24 19:04:52.405 [info] > git for-each-ref --format=%(refname)%00%(upstream:short)%00%(objectname)%00%(upstream:track)%00%(upstream:remotename)%00%(upstream:remoteref) refs/heads/main refs/remotes/main [3ms]
2025-03-24 19:04:52.426 [info] > git status -z -uall [11ms]
2025-03-24 19:04:52.427 [info] > git for-each-ref --sort -committerdate --format %(refname) %(objectname) %(*objectname) [1ms]
2025-03-24 19:04:58.247 [info] > git show --textconv :README.md [12ms]
2025-03-24 19:04:58.248 [info] > git ls-files --stage -- /home/gabrieu/Workstation/culinarIA/README.md [2ms]
2025-03-24 19:04:58.258 [info] > git cat-file -s dcd203a73dc15e611565a7b9c9ea516a0f6ca252 [1ms]
2025-03-24 19:04:58.274 [info] > git blame --root --incremental 0d3188631bc325da9c223ddea4974a572a2a1f21 -- /home/gabrieu/Workstation/culinarIA/README.md [4ms]
2025-03-24 19:05:09.675 [info] > git config --get commit.template [9ms]
2025-03-24 19:05:09.676 [info] > git for-each-ref --format=%(refname)%00%(upstream:short)%00%(objectname)%00%(upstream:track)%00%(upstream:remotename)%00%(upstream:remoteref) refs/heads/main refs/remotes/main [2ms]
2025-03-24 19:05:09.695 [info] > git status -z -uall [10ms]
2025-03-24 19:05:09.696 [info] > git for-each-ref --sort -committerdate --format %(refname) %(objectname) %(*objectname) [2ms]
2025-03-24 19:05:14.720 [info] > git config --get commit.template [11ms]
2025-03-24 19:05:14.720 [info] > git for-each-ref --format=%(refname)%00%(upstream:short)%00%(objectname)%00%(upstream:track)%00%(upstream:remotename)%00%(upstream:remoteref) refs/heads/main refs/remotes/main [1ms]
2025-03-24 19:05:14.739 [info] > git status -z -uall [9ms]
2025-03-24 19:05:14.740 [info] > git for-each-ref --sort -committerdate --format %(refname) %(objectname) %(*objectname) [1ms]
2025-03-24 19:05:19.753 [info] > git config --get commit.template [2ms]
2025-03-24 19:05:19.763 [info] > git for-each-ref --format=%(refname)%00%(upstream:short)%00%(objectname)%00%(upstream:track)%00%(upstream:remotename)%00%(upstream:remoteref) refs/heads/main refs/remotes/main [1ms]
2025-03-24 19:05:19.793 [info] > git status -z -uall [10ms]
2025-03-24 19:05:19.794 [info] > git for-each-ref --sort -committerdate --format %(refname) %(objectname) %(*objectname) [2ms]
2025-03-24 19:05:56.391 [info] > git config --get commit.template [10ms]
2025-03-24 19:05:56.391 [info] > git for-each-ref --format=%(refname)%00%(upstream:short)%00%(objectname)%00%(upstream:track)%00%(upstream:remotename)%00%(upstream:remoteref) refs/heads/main refs/remotes/main [1ms]
2025-03-24 19:05:56.409 [info] > git status -z -uall [9ms]
2025-03-24 19:05:56.410 [info] > git for-each-ref --sort -committerdate --format %(refname) %(objectname) %(*objectname) [1ms]
2025-03-24 19:06:01.425 [info] > git config --get commit.template [1ms]
2025-03-24 19:06:01.435 [info] > git for-each-ref --format=%(refname)%00%(upstream:short)%00%(objectname)%00%(upstream:track)%00%(upstream:remotename)%00%(upstream:remoteref) refs/heads/main refs/remotes/main [1ms]
2025-03-24 19:06:01.455 [info] > git status -z -uall [11ms]
2025-03-24 19:06:01.456 [info] > git for-each-ref --sort -committerdate --format %(refname) %(objectname) %(*objectname) [1ms]
