I[19:40:32.265] clangd version 19.1.7
I[19:40:32.265] Features: linux
I[19:40:32.265] PID: 60446
I[19:40:32.265] Working directory: /home/gabrieu/Workstation/LE-EDOO
I[19:40:32.265] argv[0]: /usr/bin/clangd
I[19:40:32.265] Starting LSP over stdin/stdout
I[19:40:32.265] <-- initialize(0)
I[19:40:32.266] --> reply:initialize(0) 1 ms
I[19:40:32.269] <-- initialized
I[19:40:32.281] <-- textDocument/didOpen
I[19:40:32.281] Failed to find compilation database for /home/gabrieu/Workstation/LE-EDOO/LE3/b.cpp
I[19:40:32.281] ASTWorker building file /home/gabrieu/Workstation/LE-EDOO/LE3/b.cpp version 1 with command clangd fallback
[/home/gabrieu/Workstation/LE-EDOO/LE3]
/usr/bin/clang -resource-dir=/usr/lib/clang/19 -- /home/gabrieu/Workstation/LE-EDOO/LE3/b.cpp
I[19:40:32.282] --> textDocument/clangd.fileStatus
I[19:40:32.343] <-- textDocument/documentLink(1)
I[19:40:32.345] <-- textDocument/inlayHint(2)
I[19:40:32.489] <-- textDocument/codeAction(3)
I[19:40:32.631] <-- textDocument/foldingRange(4)
I[19:40:32.631] --> reply:textDocument/foldingRange(4) 0 ms
I[19:40:32.684] Built preamble of size 4018064 for file /home/gabrieu/Workstation/LE-EDOO/LE3/b.cpp version 1 in 0.40 seconds
I[19:40:32.685] --> workspace/semanticTokens/refresh(0)
I[19:40:32.685] Indexing c++17 standard library in the context of /home/gabrieu/Workstation/LE-EDOO/LE3/b.cpp
I[19:40:32.721] --> textDocument/publishDiagnostics
I[19:40:32.721] --> textDocument/inactiveRegions
I[19:40:32.722] --> reply:textDocument/documentLink(1) 379 ms
I[19:40:32.722] --> reply:textDocument/inlayHint(2) 376 ms
I[19:40:32.722] --> reply:textDocument/codeAction(3) 233 ms
I[19:40:32.722] --> textDocument/clangd.fileStatus
I[19:40:32.750] <-- $/setTrace
I[19:40:32.750] unhandled notification $/setTrace
I[19:40:32.750] <-- textDocument/documentSymbol(5)
I[19:40:32.751] --> reply:textDocument/documentSymbol(5) 0 ms
I[19:40:32.751] --> textDocument/clangd.fileStatus
I[19:40:32.780] <-- reply(0)
I[19:40:32.780] <-- $/cancelRequest
I[19:40:32.895] <-- $/cancelRequest
I[19:40:32.895] <-- textDocument/codeAction(6)
I[19:40:32.895] <-- textDocument/documentLink(7)
I[19:40:32.895] --> reply:textDocument/codeAction(6) 0 ms
I[19:40:32.896] --> reply:textDocument/documentLink(7) 0 ms
I[19:40:32.896] --> textDocument/clangd.fileStatus
I[19:40:32.940] <-- textDocument/semanticTokens/full(8)
I[19:40:32.940] <-- $/cancelRequest
I[19:40:32.940] <-- textDocument/codeAction(9)
I[19:40:32.940] <-- $/cancelRequest
I[19:40:32.940] <-- textDocument/codeAction(10)
I[19:40:32.940] <-- $/setTrace
I[19:40:32.940] unhandled notification $/setTrace
I[19:40:32.940] --> reply:textDocument/semanticTokens/full(8) 0 ms
I[19:40:32.941] --> reply:textDocument/codeAction(9) 0 ms, error: Task was cancelled.
I[19:40:32.941] --> reply:textDocument/codeAction(10) 0 ms
I[19:40:32.941] --> textDocument/clangd.fileStatus
[Error - 7:40:32 PM] Request textDocument/codeAction failed.
[object Object]
I[19:40:33.182] <-- $/setTrace
I[19:40:33.182] unhandled notification $/setTrace
I[19:40:33.457] <-- textDocument/inlayHint(11)
I[19:40:33.458] --> reply:textDocument/inlayHint(11) 0 ms
I[19:40:33.458] --> textDocument/clangd.fileStatus
I[19:40:33.628] <-- $/setTrace
I[19:40:33.628] unhandled notification $/setTrace
I[19:40:33.654] <-- textDocument/documentSymbol(12)
I[19:40:33.654] --> reply:textDocument/documentSymbol(12) 0 ms
I[19:40:33.654] --> textDocument/clangd.fileStatus
I[19:40:33.658] <-- textDocument/documentLink(13)
I[19:40:33.658] --> reply:textDocument/documentLink(13) 0 ms
I[19:40:33.658] --> textDocument/clangd.fileStatus
I[19:40:34.414] Indexed c++17 standard library (incomplete due to errors): 14360 symbols, 1909 filtered
I[19:40:34.773] <-- $/setTrace
I[19:40:34.773] unhandled notification $/setTrace
I[19:40:35.078] <-- textDocument/inlayHint(14)
I[19:40:35.078] --> reply:textDocument/inlayHint(14) 0 ms
I[19:40:35.078] --> textDocument/clangd.fileStatus
I[19:40:40.165] <-- $/setTrace
I[19:40:40.165] unhandled notification $/setTrace
I[19:42:42.479] <-- textDocument/hover(15)
I[19:42:42.480] --> reply:textDocument/hover(15) 0 ms
I[19:42:42.480] --> textDocument/clangd.fileStatus
I[19:42:45.692] <-- textDocument/hover(16)
I[19:42:45.693] --> reply:textDocument/hover(16) 1 ms
I[19:42:45.693] --> textDocument/clangd.fileStatus
I[19:42:48.566] <-- textDocument/hover(17)
I[19:42:48.567] --> reply:textDocument/hover(17) 1 ms
I[19:42:48.567] --> textDocument/clangd.fileStatus
I[19:42:51.287] <-- textDocument/hover(18)
I[19:42:51.288] --> reply:textDocument/hover(18) 1 ms
I[19:42:51.288] --> textDocument/clangd.fileStatus
I[19:42:56.389] <-- textDocument/hover(19)
I[19:42:56.390] --> reply:textDocument/hover(19) 1 ms
I[19:42:56.390] --> textDocument/clangd.fileStatus
I[19:42:58.102] <-- textDocument/hover(20)
I[19:42:58.103] --> reply:textDocument/hover(20) 0 ms
I[19:42:58.103] --> textDocument/clangd.fileStatus
I[19:42:59.756] <-- textDocument/hover(21)
I[19:42:59.757] --> reply:textDocument/hover(21) 0 ms
I[19:42:59.757] --> textDocument/clangd.fileStatus
I[19:43:01.648] <-- textDocument/hover(22)
I[19:43:01.649] --> reply:textDocument/hover(22) 1 ms
I[19:43:01.649] --> textDocument/clangd.fileStatus
I[19:44:04.181] <-- textDocument/hover(23)
I[19:44:04.182] --> reply:textDocument/hover(23) 0 ms
I[19:44:04.182] --> textDocument/clangd.fileStatus
I[19:44:05.317] <-- textDocument/hover(24)
I[19:44:05.318] --> reply:textDocument/hover(24) 1 ms
I[19:44:05.318] --> textDocument/clangd.fileStatus
I[19:44:35.822] <-- textDocument/inlayHint(25)
I[19:44:35.823] --> reply:textDocument/inlayHint(25) 0 ms
I[19:44:35.823] --> textDocument/clangd.fileStatus
I[19:44:41.917] <-- textDocument/inlayHint(26)
I[19:44:41.918] --> reply:textDocument/inlayHint(26) 0 ms
I[19:44:41.918] --> textDocument/clangd.fileStatus
I[19:44:56.739] <-- textDocument/inlayHint(27)
I[19:44:56.740] --> reply:textDocument/inlayHint(27) 0 ms
I[19:44:56.740] --> textDocument/clangd.fileStatus
I[19:45:40.104] <-- textDocument/inlayHint(28)
I[19:45:40.105] --> reply:textDocument/inlayHint(28) 0 ms
I[19:45:40.105] --> textDocument/clangd.fileStatus
I[19:45:40.118] <-- textDocument/hover(29)
I[19:45:40.118] --> reply:textDocument/hover(29) 0 ms
I[19:45:40.118] --> textDocument/clangd.fileStatus
