2025-03-24 12:18:18.993 [info] Experiment 'pythonRecommendTensorboardExt' is active
2025-03-24 12:18:18.993 [info] Experiment 'pythonTerminalEnvVarActivation' is active
2025-03-24 12:18:18.993 [info] Experiment 'pythonTestAdapter' is active
2025-03-24 12:18:18.993 [info] Native locator: Refresh started
2025-03-24 12:18:19.221 [info] > pyenv which python
2025-03-24 12:18:19.221 [info] cwd: .
2025-03-24 12:18:19.385 [info] Native locator: Refresh finished in 673 ms
2025-03-24 12:18:19.388 [info] Python interpreter path: ./.venv/bin/python
2025-03-24 12:18:19.780 [info] > . ./.venv/bin/activate && echo 'e8b39361-0157-4923-80e1-22d70d46dee6' && python ~/.vscode/extensions/ms-python.python-2025.2.0-linux-x64/python_files/printEnvVariables.py
2025-03-24 12:18:19.780 [info] shell: bash
2025-03-24 12:18:19.809 [info] > /bin/python ~/.vscode/extensions/ms-python.python-2025.2.0-linux-x64/python_files/printEnvVariables.py
2025-03-24 12:18:19.809 [info] shell: bash
2025-03-24 12:18:19.835 [info] Setting environment variable API_KEY in collection to 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 {"applyAtShellIntegration":true,"applyAtProcessCreation":true}
2025-03-24 12:18:19.835 [info] Setting environment variable VIRTUAL_ENV in collection to /home/gabrieu/Workstation/culinarIA/.venv {"applyAtShellIntegration":true,"applyAtProcessCreation":true}
2025-03-24 12:18:19.835 [info] Setting environment variable SECRET_KEY in collection to 0c19907c53eb8a9aca9b3ee1333 {"applyAtShellIntegration":true,"applyAtProcessCreation":true}
2025-03-24 12:18:19.835 [info] Setting environment variable FLASK_APP in collection to main.py {"applyAtShellIntegration":true,"applyAtProcessCreation":true}
2025-03-24 12:18:19.835 [info] Setting environment variable VIRTUAL_ENV_PROMPT in collection to .venv {"applyAtShellIntegration":true,"applyAtProcessCreation":true}
2025-03-24 12:18:19.835 [info] Prepending environment variable PS1 in collection with .venv {"applyAtShellIntegration":true,"applyAtProcessCreation":false}
2025-03-24 12:18:19.835 [info] Prepending environment variable PATH in collection with /home/gabrieu/.vscode/extensions/ms-python.python-2025.2.0-linux-x64/python_files/deactivate/bash:/home/gabrieu/Workstation/culinarIA/.venv/bin: {"applyAtShellIntegration":true,"applyAtProcessCreation":true}
2025-03-24 12:18:19.835 [info] Setting environment variable MONGO_URI in collection to mongodb://127.0.0.1:27017/culinaria {"applyAtShellIntegration":true,"applyAtProcessCreation":true}
2025-03-24 12:18:19.835 [info] Send text to terminal: /bin/python /home/gabrieu/.vscode/extensions/ms-python.python-2025.2.0-linux-x64/python_files/printEnvVariablesToFile.py /home/gabrieu/.vscode/extensions/ms-python.python-2025.2.0-linux-x64/python_files/deactivate/bash/envVars.txt
2025-03-24 12:18:20.815 [info] Starting Pylance language server.
2025-03-24 15:40:48.385 [info] Experiment 'pythonRecommendTensorboardExt' is active
2025-03-24 15:40:48.385 [info] Experiment 'pythonTerminalEnvVarActivation' is active
2025-03-24 15:40:48.385 [info] Experiment 'pythonTestAdapter' is active
2025-03-24 15:40:48.385 [info] Native locator: Refresh started
2025-03-24 15:40:48.696 [info] > pyenv which python
2025-03-24 15:40:48.696 [info] cwd: .
2025-03-24 15:40:48.741 [info] Native locator: Refresh finished in 669 ms
2025-03-24 15:40:48.744 [info] Python interpreter path: ./.venv/bin/python
2025-03-24 15:40:49.122 [info] > . ./.venv/bin/activate && echo 'e8b39361-0157-4923-80e1-22d70d46dee6' && python ~/.vscode/extensions/ms-python.python-2025.2.0-linux-x64/python_files/printEnvVariables.py
2025-03-24 15:40:49.122 [info] shell: bash
2025-03-24 15:40:49.160 [info] > /bin/python ~/.vscode/extensions/ms-python.python-2025.2.0-linux-x64/python_files/printEnvVariables.py
2025-03-24 15:40:49.160 [info] shell: bash
2025-03-24 15:40:49.181 [info] Setting environment variable API_KEY in collection to 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 {"applyAtShellIntegration":true,"applyAtProcessCreation":true}
2025-03-24 15:40:49.181 [info] Setting environment variable VIRTUAL_ENV in collection to /home/gabrieu/Workstation/culinarIA/.venv {"applyAtShellIntegration":true,"applyAtProcessCreation":true}
2025-03-24 15:40:49.181 [info] Setting environment variable SECRET_KEY in collection to 0c19907c53eb8a9aca9b3ee1333 {"applyAtShellIntegration":true,"applyAtProcessCreation":true}
2025-03-24 15:40:49.181 [info] Setting environment variable FLASK_APP in collection to main.py {"applyAtShellIntegration":true,"applyAtProcessCreation":true}
2025-03-24 15:40:49.181 [info] Setting environment variable VIRTUAL_ENV_PROMPT in collection to .venv {"applyAtShellIntegration":true,"applyAtProcessCreation":true}
2025-03-24 15:40:49.181 [info] Prepending environment variable PS1 in collection with .venv {"applyAtShellIntegration":true,"applyAtProcessCreation":false}
2025-03-24 15:40:49.181 [info] Prepending environment variable PATH in collection with /home/gabrieu/.vscode/extensions/ms-python.python-2025.2.0-linux-x64/python_files/deactivate/bash:/home/gabrieu/Workstation/culinarIA/.venv/bin: {"applyAtShellIntegration":true,"applyAtProcessCreation":true}
2025-03-24 15:40:49.181 [info] Setting environment variable MONGO_URI in collection to mongodb://127.0.0.1:27017/culinaria {"applyAtShellIntegration":true,"applyAtProcessCreation":true}
2025-03-24 15:40:49.182 [info] Send text to terminal: /bin/python /home/gabrieu/.vscode/extensions/ms-python.python-2025.2.0-linux-x64/python_files/printEnvVariablesToFile.py /home/gabrieu/.vscode/extensions/ms-python.python-2025.2.0-linux-x64/python_files/deactivate/bash/envVars.txt
2025-03-24 15:40:50.178 [info] Starting Pylance language server.
2025-03-24 15:47:24.334 [info] Discover tests for workspace name: culinarIA - uri: /home/gabrieu/Workstation/culinarIA/app/blueprints/auth/auth.py
2025-03-24 15:48:17.688 [info] Discover tests for workspace name: culinarIA - uri: /home/gabrieu/Workstation/culinarIA/app/blueprints/menu/menu.py
2025-03-24 15:48:18.960 [info] Discover tests for workspace name: culinarIA - uri: /home/gabrieu/Workstation/culinarIA/app/blueprints/menu/menu.py
2025-03-24 15:48:39.110 [info] Discover tests for workspace name: culinarIA - uri: /home/gabrieu/Workstation/culinarIA/app/blueprints/recipe/recipe.py
2025-03-24 15:48:41.320 [info] Discover tests for workspace name: culinarIA - uri: /home/gabrieu/Workstation/culinarIA/app/blueprints/recipe/recipe.py
2025-03-24 15:48:44.939 [info] Discover tests for workspace name: culinarIA - uri: /home/gabrieu/Workstation/culinarIA/app/blueprints/recipe/recipe.py
2025-03-24 17:02:18.845 [info] Discover tests for workspace name: culinarIA - uri: /home/gabrieu/Workstation/culinarIA/app/blueprints/recipe/recipe.py
