2025-03-24 12:18:20.276 [info] (Client) Pylance async client (2025.3.2) started with python extension (2025.2.0)
2025-03-24 12:18:20.801 [info] [Info  - 12:18:20 PM] (14389) Server root directory: file:///home/gabrieu/.vscode/extensions/ms-python.vscode-pylance-2025.3.2/dist
2025-03-24 12:18:20.801 [info] [Info  - 12:18:20 PM] (14389) Pylance language server 2025.3.2 (pyright version 1.1.396, commit 3e2236a7) starting
2025-03-24 12:18:20.801 [info] [Info  - 12:18:20 PM] (14389) Starting service instance "culinarIA"
2025-03-24 12:18:20.840 [info] [Info  - 12:18:20 PM] (14389) Setting environmentName for service "culinarIA": "3.13.2 (.venv venv)"
2025-03-24 12:18:20.840 [info] [Info  - 12:18:20 PM] (14389) Setting pythonPath for service "culinarIA": "/home/gabrieu/Workstation/culinarIA/.venv/bin/python"
2025-03-24 12:18:20.841 [info] [Info  - 12:18:20 PM] (14389) No include entries specified; assuming /home/gabrieu/Workstation/culinarIA
2025-03-24 12:18:20.842 [info] [Info  - 12:18:20 PM] (14389) Auto-excluding **/node_modules
2025-03-24 12:18:20.842 [info] [Info  - 12:18:20 PM] (14389) Auto-excluding **/__pycache__
2025-03-24 12:18:20.842 [info] [Info  - 12:18:20 PM] (14389) Auto-excluding **/.*
2025-03-24 12:18:20.869 [info] [Info  - 12:18:20 PM] (14389) Assuming Python version 3.13.2.final.0
2025-03-24 12:18:20.937 [info] [Info  - 12:18:20 PM] (14389) Found 14 source files
2025-03-24 12:18:21.404 [info] [Info  - 12:18:21 PM] (14389) Background analysis(1) root directory: file:///home/gabrieu/.vscode/extensions/ms-python.vscode-pylance-2025.3.2/dist
2025-03-24 12:18:21.406 [info] [Info  - 12:18:21 PM] (14389) Background analysis(1) started
2025-03-24 15:40:49.616 [info] (Client) Pylance async client (2025.3.2) started with python extension (2025.2.0)
2025-03-24 15:40:50.164 [info] [Info  - 3:40:50 PM] (26505) Server root directory: file:///home/gabrieu/.vscode/extensions/ms-python.vscode-pylance-2025.3.2/dist
2025-03-24 15:40:50.165 [info] [Info  - 3:40:50 PM] (26505) Pylance language server 2025.3.2 (pyright version 1.1.396, commit 3e2236a7) starting
2025-03-24 15:40:50.165 [info] [Info  - 3:40:50 PM] (26505) Starting service instance "culinarIA"
2025-03-24 15:40:50.202 [info] [Info  - 3:40:50 PM] (26505) Setting environmentName for service "culinarIA": "3.13.2 (.venv venv)"
2025-03-24 15:40:50.202 [info] [Info  - 3:40:50 PM] (26505) Setting pythonPath for service "culinarIA": "/home/gabrieu/Workstation/culinarIA/.venv/bin/python"
2025-03-24 15:40:50.203 [info] [Info  - 3:40:50 PM] (26505) No include entries specified; assuming /home/gabrieu/Workstation/culinarIA
2025-03-24 15:40:50.203 [info] [Info  - 3:40:50 PM] (26505) Auto-excluding **/node_modules
2025-03-24 15:40:50.203 [info] [Info  - 3:40:50 PM] (26505) Auto-excluding **/__pycache__
2025-03-24 15:40:50.203 [info] [Info  - 3:40:50 PM] (26505) Auto-excluding **/.*
2025-03-24 15:40:50.226 [info] [Info  - 3:40:50 PM] (26505) Assuming Python version 3.13.2.final.0
2025-03-24 15:40:50.292 [info] [Info  - 3:40:50 PM] (26505) Found 14 source files
2025-03-24 15:40:50.724 [info] [Info  - 3:40:50 PM] (26505) Background analysis(1) root directory: file:///home/gabrieu/.vscode/extensions/ms-python.vscode-pylance-2025.3.2/dist
2025-03-24 15:40:50.726 [info] [Info  - 3:40:50 PM] (26505) Background analysis(1) started
2025-03-24 15:40:58.950 [info] [Info  - 3:40:58 PM] (26505) Indexer background runner(2) root directory: file:///home/gabrieu/.vscode/extensions/ms-python.vscode-pylance-2025.3.2/dist (index)
2025-03-24 15:40:58.950 [info] [Info  - 3:40:58 PM] (26505) Indexing(2) started
2025-03-24 15:40:58.950 [info] [Info  - 3:40:58 PM] (26505) scanned(2) 68 files over 1 exec env
2025-03-24 15:40:59.095 [info] [Info  - 3:40:59 PM] (26505) indexed(2) 68 files over 1 exec env
2025-03-24 15:40:59.128 [info] [Info  - 3:40:59 PM] (26505) Indexing finished(2).
2025-03-24 15:48:40.057 [info] [Info  - 3:48:40 PM] (26505) Starting service instance "<default>"
2025-03-24 15:48:40.085 [info] [Info  - 3:48:40 PM] (26505) Setting environmentName for service "<default>": "3.13.2 (.venv venv)"
2025-03-24 15:48:40.085 [info] [Info  - 3:48:40 PM] (26505) Setting pythonPath for service "<default>": "/home/gabrieu/Workstation/culinarIA/.venv/bin/python"
2025-03-24 15:48:40.085 [info] [Info  - 3:48:40 PM] (26505) No include entries specified; assuming /<default workspace root>
2025-03-24 15:48:40.085 [info] [Info  - 3:48:40 PM] (26505) Auto-excluding **/node_modules
2025-03-24 15:48:40.086 [info] [Info  - 3:48:40 PM] (26505) Auto-excluding **/__pycache__
2025-03-24 15:48:40.086 [info] [Info  - 3:48:40 PM] (26505) Auto-excluding **/.*
2025-03-24 15:48:40.109 [info] [Info  - 3:48:40 PM] (26505) Assuming Python version 3.13.2.final.0
2025-03-24 15:48:40.156 [info] [Error - 3:48:40 PM] (26505) File or directory "/<default workspace root>" does not exist.
2025-03-24 15:48:40.156 [info] [Info  - 3:48:40 PM] (26505) No source files found.
2025-03-24 15:48:40.643 [info] [Info  - 3:48:40 PM] (26505) Background analysis(3) root directory: file:///home/gabrieu/.vscode/extensions/ms-python.vscode-pylance-2025.3.2/dist
2025-03-24 15:48:40.646 [info] [Info  - 3:48:40 PM] (26505) Background analysis(3) started
