2025-03-24 10:20:14.740 [info] Starting Python Locator /home/gabrieu/.vscode/extensions/ms-python.python-2025.2.0-linux-x64/python-env-tools/bin/pet server
2025-03-24 10:20:14.743 [info] Discovered env: /home/gabrieu/Workstation/culinarIA/.venv/bin/python
2025-03-24 10:20:14.751 [info] Resolved Python Environment /home/gabrieu/Workstation/culinarIA/.venv/bin/python
2025-03-24 10:20:15.256 [info] Discovered env: /bin/python
2025-03-24 10:20:15.521 [info] Discovered env: /usr/bin/python
2025-03-24 10:20:15.817 [info] Env ("/usr/sbin/python") in Path resolved as ResolvedPythonEnv { executable: "/usr/sbin/python", prefix: "/usr", version: "3.13.2.final.0", is64_bit: true, symlinks: Some(["/usr/sbin/python"]) } and reported as Some(GlobalPaths)
2025-03-24 10:20:15.855 [info] Discovered env: /usr/sbin/python
2025-03-24 10:20:15.875 [info] Env ("/sbin/python") in Path resolved as ResolvedPythonEnv { executable: "/sbin/python", prefix: "/usr", version: "3.13.2.final.0", is64_bit: true, symlinks: Some(["/sbin/python"]) } and reported as Some(GlobalPaths)
2025-03-24 10:20:15.897 [info] Discovered env: /sbin/python
2025-03-24 10:20:15.940 [info] Env ("/usr/sbin/python3") in Path resolved as ResolvedPythonEnv { executable: "/usr/sbin/python3", prefix: "/usr", version: "3.13.2.final.0", is64_bit: true, symlinks: Some(["/usr/sbin/python3"]) } and reported as Some(GlobalPaths)
2025-03-24 10:20:15.940 [info] Discovered env: /usr/sbin/python3
2025-03-24 10:20:15.940 [info] Env ("/sbin/python3") in Path resolved as ResolvedPythonEnv { executable: "/sbin/python3", prefix: "/usr", version: "3.13.2.final.0", is64_bit: true, symlinks: Some(["/sbin/python3"]) } and reported as Some(GlobalPaths)
2025-03-24 10:20:15.940 [info] Discovered env: /sbin/python3
2025-03-24 10:20:15.940 [info] Env ("/usr/sbin/python3.13") in Path resolved as ResolvedPythonEnv { executable: "/usr/sbin/python3.13", prefix: "/usr", version: "3.13.2.final.0", is64_bit: true, symlinks: Some(["/usr/sbin/python3.13"]) } and reported as Some(GlobalPaths)
2025-03-24 10:20:15.940 [info] Discovered env: /usr/sbin/python3.13
2025-03-24 10:20:15.940 [info] Env ("/sbin/python3.13") in Path resolved as ResolvedPythonEnv { executable: "/sbin/python3.13", prefix: "/usr", version: "3.13.2.final.0", is64_bit: true, symlinks: Some(["/sbin/python3.13"]) } and reported as Some(GlobalPaths)
2025-03-24 10:20:15.941 [info] Discovered env: /sbin/python3.13
2025-03-24 10:20:15.941 [info] Locator Conda took 108.448597ms
2025-03-24 10:20:15.941 [info] Locator Homebrew took 550.622µs
2025-03-24 10:20:15.941 [info] Locator LinuxGlobal took 95.165937ms
2025-03-24 10:20:15.941 [info] Locator PipEnv took 27.542µs
2025-03-24 10:20:15.941 [info] Locator Pixi took 127.78µs
2025-03-24 10:20:15.941 [info] Locator Poetry took 550.553µs
2025-03-24 10:20:15.941 [info] Locator PyEnv took 1.356104ms
2025-03-24 10:20:15.941 [info] Locator Venv took 111.349µs
2025-03-24 10:20:15.941 [info] Locator VirtualEnv took 80.381µs
2025-03-24 10:20:15.941 [info] Locator VirtualEnvWrapper took 130.675µs
2025-03-24 10:20:15.941 [info] Locator GlobalVirtualEnvs took 315.902µs
2025-03-24 10:20:15.941 [info] Locator Locators took 108.752037ms
2025-03-24 10:20:15.941 [info] Locator Path took 203.312879ms
2025-03-24 10:20:15.941 [info] Locator Workspaces took 49.939388ms
2025-03-24 10:20:15.941 [info] Refresh completed in 203ms
2025-03-24 10:20:49.074 [info] Resolved Python Environment /home/gabrieu/Workstation/culinarIA/.venv/bin/python
