2025-03-24 10:20:14.739 [info] Experiment 'pythonRecommendTensorboardExt' is active
2025-03-24 10:20:14.740 [info] Experiment 'pythonTerminalEnvVarActivation' is active
2025-03-24 10:20:14.740 [info] Experiment 'pythonTestAdapter' is active
2025-03-24 10:20:14.740 [info] Native locator: Refresh started
2025-03-24 10:20:14.752 [info] Python interpreter path: ./.venv/bin/python
2025-03-24 10:20:15.290 [info] > pyenv which python
2025-03-24 10:20:15.290 [info] cwd: .
2025-03-24 10:20:15.845 [info] > . ./.venv/bin/activate && echo 'e8b39361-0157-4923-80e1-22d70d46dee6' && python ~/.vscode/extensions/ms-python.python-2025.2.0-linux-x64/python_files/printEnvVariables.py
2025-03-24 10:20:15.845 [info] shell: bash
2025-03-24 10:20:15.884 [info] > /bin/python ~/.vscode/extensions/ms-python.python-2025.2.0-linux-x64/python_files/printEnvVariables.py
2025-03-24 10:20:15.884 [info] shell: bash
2025-03-24 10:20:15.921 [info] Setting environment variable API_KEY in collection to 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 {"applyAtShellIntegration":true,"applyAtProcessCreation":true}
2025-03-24 10:20:15.921 [info] Setting environment variable VIRTUAL_ENV in collection to /home/gabrieu/Workstation/culinarIA/.venv {"applyAtShellIntegration":true,"applyAtProcessCreation":true}
2025-03-24 10:20:15.921 [info] Setting environment variable SECRET_KEY in collection to 0c19907c53eb8a9aca9b3ee1333 {"applyAtShellIntegration":true,"applyAtProcessCreation":true}
2025-03-24 10:20:15.921 [info] Setting environment variable FLASK_APP in collection to main.py {"applyAtShellIntegration":true,"applyAtProcessCreation":true}
2025-03-24 10:20:15.921 [info] Setting environment variable VIRTUAL_ENV_PROMPT in collection to .venv {"applyAtShellIntegration":true,"applyAtProcessCreation":true}
2025-03-24 10:20:15.921 [info] Prepending environment variable PS1 in collection with .venv {"applyAtShellIntegration":true,"applyAtProcessCreation":false}
2025-03-24 10:20:15.921 [info] Prepending environment variable PATH in collection with /home/gabrieu/.vscode/extensions/ms-python.python-2025.2.0-linux-x64/python_files/deactivate/bash:/home/gabrieu/Workstation/culinarIA/.venv/bin: {"applyAtShellIntegration":true,"applyAtProcessCreation":true}
2025-03-24 10:20:15.921 [info] Setting environment variable MONGO_URI in collection to mongodb://127.0.0.1:27017/culinaria {"applyAtShellIntegration":true,"applyAtProcessCreation":true}
2025-03-24 10:20:15.922 [info] Send text to terminal: /bin/python /home/gabrieu/.vscode/extensions/ms-python.python-2025.2.0-linux-x64/python_files/printEnvVariablesToFile.py /home/gabrieu/.vscode/extensions/ms-python.python-2025.2.0-linux-x64/python_files/deactivate/bash/envVars.txt
2025-03-24 10:20:15.942 [info] Native locator: Refresh finished in 1281 ms
2025-03-24 10:20:16.088 [info] Starting Pylance language server.
