2025-03-24 12:18:18.437 [info] Reading sessions from keychain...
2025-03-24 12:18:18.437 [info] Getting sessions for all scopes...
2025-03-24 12:18:18.437 [info] Getting sessions for all scopes...
2025-03-24 12:18:18.441 [info] Getting sessions for all scopes...
2025-03-24 12:18:18.441 [info] Getting sessions for all scopes...
2025-03-24 12:18:18.441 [info] Getting sessions for all scopes...
2025-03-24 12:18:18.441 [info] Getting sessions for all scopes...
2025-03-24 12:18:18.442 [info] Getting sessions for all scopes...
2025-03-24 12:18:18.471 [info] Got 0 sessions for ...
2025-03-24 12:18:18.472 [info] Got 0 sessions for ...
2025-03-24 12:18:18.472 [info] Got 0 sessions for ...
2025-03-24 12:18:18.472 [info] Got 0 sessions for ...
2025-03-24 12:18:18.472 [info] Got 0 sessions for ...
2025-03-24 12:18:18.472 [info] Got 0 sessions for ...
2025-03-24 12:18:18.472 [info] Got 0 sessions for ...
2025-03-24 12:18:18.850 [info] Getting sessions for all scopes...
2025-03-24 12:18:18.850 [info] Got 0 sessions for ...
2025-03-24 12:18:18.909 [info] Getting sessions for all scopes...
2025-03-24 12:18:18.909 [info] Got 0 sessions for ...
2025-03-24 12:18:19.185 [info] Getting sessions for all scopes...
2025-03-24 12:18:19.185 [info] Got 0 sessions for ...
2025-03-24 12:18:19.391 [info] Getting sessions for read:user,repo,user:email,workflow...
2025-03-24 12:18:19.391 [info] Got 0 sessions for read:user,repo,user:email,workflow...
2025-03-24 12:18:20.089 [info] Getting sessions for all scopes...
2025-03-24 12:18:20.089 [info] Got 0 sessions for ...
2025-03-24 12:18:20.107 [info] Getting sessions for all scopes...
2025-03-24 12:18:20.107 [info] Got 0 sessions for ...
2025-03-24 12:18:21.119 [info] Getting sessions for all scopes...
2025-03-24 12:18:21.119 [info] Got 0 sessions for ...
2025-03-24 12:18:34.569 [info] Reading sessions from keychain...
2025-03-24 12:18:34.569 [info] Getting sessions for all scopes...
2025-03-24 12:18:34.569 [info] Getting sessions for all scopes...
2025-03-24 12:18:34.569 [info] Getting sessions for all scopes...
2025-03-24 12:18:34.569 [info] Getting sessions for all scopes...
2025-03-24 12:18:34.569 [info] Getting sessions for all scopes...
2025-03-24 12:18:34.569 [info] Getting sessions for all scopes...
2025-03-24 12:18:34.569 [info] Getting sessions for all scopes...
2025-03-24 12:18:34.569 [info] Got 0 sessions for ...
2025-03-24 12:18:34.569 [info] Got 0 sessions for ...
2025-03-24 12:18:34.569 [info] Got 0 sessions for ...
2025-03-24 12:18:34.569 [info] Got 0 sessions for ...
2025-03-24 12:18:34.569 [info] Got 0 sessions for ...
2025-03-24 12:18:34.569 [info] Got 0 sessions for ...
2025-03-24 12:18:34.569 [info] Got 0 sessions for ...
2025-03-24 12:18:34.650 [info] Getting sessions for all scopes...
2025-03-24 12:18:34.650 [info] Got 0 sessions for ...
2025-03-24 12:18:34.769 [info] Getting sessions for all scopes...
2025-03-24 12:18:34.769 [info] Got 0 sessions for ...
2025-03-24 12:18:34.962 [info] Getting sessions for all scopes...
2025-03-24 12:18:34.962 [info] Got 0 sessions for ...
2025-03-24 12:18:35.958 [info] Getting sessions for all scopes...
2025-03-24 12:18:35.958 [info] Got 0 sessions for ...
2025-03-24 12:18:36.189 [info] Getting sessions for all scopes...
2025-03-24 12:18:36.189 [info] Got 0 sessions for ...
2025-03-24 12:18:36.196 [info] Getting sessions for all scopes...
2025-03-24 12:18:36.196 [info] Got 0 sessions for ...
2025-03-24 12:18:37.218 [info] Getting sessions for all scopes...
2025-03-24 12:18:37.218 [info] Got 0 sessions for ...
2025-03-24 13:52:44.031 [info] Getting sessions for all scopes...
2025-03-24 13:52:44.031 [info] Got 0 sessions for ...
2025-03-24 13:54:14.652 [info] Getting sessions for all scopes...
2025-03-24 13:54:14.652 [info] Got 0 sessions for ...
2025-03-24 13:57:56.458 [info] Getting sessions for all scopes...
2025-03-24 13:57:56.458 [info] Got 0 sessions for ...
2025-03-24 14:00:01.579 [info] Getting sessions for all scopes...
2025-03-24 14:00:01.579 [info] Got 0 sessions for ...
2025-03-24 14:24:17.483 [info] Getting sessions for all scopes...
2025-03-24 14:24:17.483 [info] Got 0 sessions for ...
2025-03-24 14:25:35.217 [info] Getting sessions for all scopes...
2025-03-24 14:25:35.217 [info] Got 0 sessions for ...
2025-03-24 14:25:44.498 [info] Getting sessions for all scopes...
2025-03-24 14:25:44.498 [info] Got 0 sessions for ...
2025-03-24 14:42:47.875 [info] Getting sessions for all scopes...
2025-03-24 14:42:47.875 [info] Got 0 sessions for ...
2025-03-24 14:53:30.199 [info] Getting sessions for all scopes...
2025-03-24 14:53:30.199 [info] Got 0 sessions for ...
2025-03-24 15:09:51.509 [info] Getting sessions for all scopes...
2025-03-24 15:09:51.509 [info] Got 0 sessions for ...
2025-03-24 15:11:17.038 [info] Getting sessions for all scopes...
2025-03-24 15:11:17.038 [info] Got 0 sessions for ...
2025-03-24 15:11:22.156 [info] Getting sessions for all scopes...
2025-03-24 15:11:22.156 [info] Got 0 sessions for ...
2025-03-24 15:12:03.644 [info] Getting sessions for all scopes...
2025-03-24 15:12:03.644 [info] Got 0 sessions for ...
2025-03-24 15:12:29.976 [info] Getting sessions for all scopes...
2025-03-24 15:12:29.976 [info] Got 0 sessions for ...
2025-03-24 15:12:40.092 [info] Getting sessions for all scopes...
2025-03-24 15:12:40.092 [info] Got 0 sessions for ...
2025-03-24 15:13:25.837 [info] Getting sessions for all scopes...
2025-03-24 15:13:25.837 [info] Got 0 sessions for ...
2025-03-24 15:13:46.459 [info] Getting sessions for all scopes...
2025-03-24 15:13:46.460 [info] Got 0 sessions for ...
2025-03-24 15:15:28.994 [info] Getting sessions for all scopes...
2025-03-24 15:15:28.994 [info] Got 0 sessions for ...
2025-03-24 15:27:32.607 [info] Getting sessions for all scopes...
2025-03-24 15:27:32.607 [info] Got 0 sessions for ...
2025-03-24 15:30:34.986 [info] Getting sessions for all scopes...
2025-03-24 15:30:34.986 [info] Got 0 sessions for ...
2025-03-24 15:40:47.830 [info] Reading sessions from keychain...
2025-03-24 15:40:47.830 [info] Getting sessions for all scopes...
2025-03-24 15:40:47.830 [info] Getting sessions for all scopes...
2025-03-24 15:40:47.833 [info] Getting sessions for all scopes...
2025-03-24 15:40:47.833 [info] Getting sessions for all scopes...
2025-03-24 15:40:47.833 [info] Getting sessions for all scopes...
2025-03-24 15:40:47.833 [info] Getting sessions for all scopes...
2025-03-24 15:40:47.833 [info] Getting sessions for all scopes...
2025-03-24 15:40:48.021 [info] Got 0 sessions for ...
2025-03-24 15:40:48.021 [info] Got 0 sessions for ...
2025-03-24 15:40:48.021 [info] Got 0 sessions for ...
2025-03-24 15:40:48.021 [info] Got 0 sessions for ...
2025-03-24 15:40:48.021 [info] Got 0 sessions for ...
2025-03-24 15:40:48.021 [info] Got 0 sessions for ...
2025-03-24 15:40:48.021 [info] Got 0 sessions for ...
2025-03-24 15:40:48.080 [info] Getting sessions for all scopes...
2025-03-24 15:40:48.080 [info] Got 0 sessions for ...
2025-03-24 15:40:48.354 [info] Getting sessions for all scopes...
2025-03-24 15:40:48.354 [info] Got 0 sessions for ...
2025-03-24 15:40:48.652 [info] Getting sessions for all scopes...
2025-03-24 15:40:48.652 [info] Got 0 sessions for ...
2025-03-24 15:40:48.679 [info] Getting sessions for read:user,repo,user:email,workflow...
2025-03-24 15:40:48.679 [info] Got 0 sessions for read:user,repo,user:email,workflow...
2025-03-24 15:40:49.160 [info] Getting sessions for all scopes...
2025-03-24 15:40:49.160 [info] Got 0 sessions for ...
2025-03-24 15:40:49.518 [info] Getting sessions for all scopes...
2025-03-24 15:40:49.518 [info] Got 0 sessions for ...
2025-03-24 15:40:49.536 [info] Getting sessions for all scopes...
2025-03-24 15:40:49.536 [info] Got 0 sessions for ...
2025-03-24 15:40:50.574 [info] Getting sessions for all scopes...
2025-03-24 15:40:50.574 [info] Got 0 sessions for ...
2025-03-24 15:40:53.448 [info] Getting sessions for all scopes...
2025-03-24 15:40:53.448 [info] Got 0 sessions for ...
2025-03-24 16:06:27.763 [info] Getting sessions for all scopes...
2025-03-24 16:06:27.763 [info] Got 0 sessions for ...
2025-03-24 16:10:55.532 [info] Getting sessions for read:user,repo,user:email,workflow...
2025-03-24 16:10:55.532 [info] Got 0 sessions for read:user,repo,user:email,workflow...
