2025-03-25 14:58:55.292 [info] Extension host with pid 32198 started
2025-03-25 14:58:55.292 [info] Skipping acquiring lock for /home/gabrieu/.config/Code/User/workspaceStorage/910592cb3fef5f3ab9246e487cbc7272.
2025-03-25 14:58:55.472 [info] ExtensionService#_doActivateExtension vscode.github-authentication, startup: false, activationEvent: 'onAuthenticationRequest:github'
2025-03-25 14:58:55.493 [info] ExtensionService#_doActivateExtension vscode.emmet, startup: false, activationEvent: 'onLanguage'
2025-03-25 14:58:55.506 [info] ExtensionService#_doActivateExtension sumneko.lua, startup: false, activationEvent: 'onLanguage:lua'
2025-03-25 14:58:55.705 [info] ExtensionService#_doActivateExtension vscode.git-base, startup: true, activationEvent: '*', root cause: vscode.git
2025-03-25 14:58:55.707 [info] ExtensionService#_doActivateExtension DivyanshuAgrawal.competitive-programming-helper, startup: true, activationEvent: '*'
2025-03-25 14:58:55.780 [info] ExtensionService#_doActivateExtension vscode.git, startup: true, activationEvent: '*'
2025-03-25 14:58:55.833 [info] ExtensionService#_doActivateExtension vscode.github, startup: true, activationEvent: '*'
2025-03-25 14:58:55.911 [info] Eager extensions activated
2025-03-25 14:58:55.951 [info] ExtensionService#_doActivateExtension vscode.debug-auto-launch, startup: false, activationEvent: 'onStartupFinished'
2025-03-25 14:58:55.953 [info] ExtensionService#_doActivateExtension vscode.merge-conflict, startup: false, activationEvent: 'onStartupFinished'
2025-03-25 14:58:55.968 [info] ExtensionService#_doActivateExtension bradlc.vscode-tailwindcss, startup: false, activationEvent: 'onStartupFinished'
2025-03-25 14:58:55.999 [info] ExtensionService#_doActivateExtension PKief.material-icon-theme, startup: false, activationEvent: 'onStartupFinished'
2025-03-25 14:59:01.670 [info] ExtensionService#_doActivateExtension llvm-vs-code-extensions.vscode-clangd, startup: false, activationEvent: 'onLanguage:cpp'
2025-03-25 14:59:01.725 [info] ExtensionService#_doActivateExtension ms-vscode.cpptools, startup: false, activationEvent: 'onLanguage:cpp'
2025-03-25 14:59:06.285 [error] [llvm-vs-code-extensions.vscode-clangd] provider FAILED
2025-03-25 14:59:06.285 [error] {"a":true,"b":null}
2025-03-25 14:59:25.170 [info] Extension host terminating: renderer closed the MessagePort
2025-03-25 14:59:25.191 [info] Extension host with pid 32198 exiting with code 0
