2025-03-24 12:18:18.090 [info] Extension host with pid 14030 started
2025-03-24 12:18:18.090 [info] Skipping acquiring lock for /home/gabrieu/.config/Code/User/workspaceStorage/6a579f48e0f4eff48a15f2b999b9879a.
2025-03-24 12:18:18.352 [info] ExtensionService#_doActivateExtension vscode.github-authentication, startup: false, activationEvent: 'onAuthenticationRequest:github'
2025-03-24 12:18:18.378 [info] ExtensionService#_doActivateExtension vscode.emmet, startup: false, activationEvent: 'onLanguage'
2025-03-24 12:18:18.449 [info] ExtensionService#_doActivateExtension vscode.git-base, startup: true, activationEvent: '*', root cause: vscode.git
2025-03-24 12:18:18.451 [info] ExtensionService#_doActivateExtension DivyanshuAgrawal.competitive-programming-helper, startup: true, activationEvent: '*'
2025-03-24 12:18:18.472 [info] ExtensionService#_doActivateExtension ms-python.python, startup: true, activationEvent: 'workspaceContains:requirements.txt'
2025-03-24 12:18:18.734 [info] ExtensionService#_doActivateExtension vscode.git, startup: true, activationEvent: '*'
2025-03-24 12:18:18.816 [info] ExtensionService#_doActivateExtension vscode.github, startup: true, activationEvent: '*'
2025-03-24 12:18:18.963 [info] Eager extensions activated
2025-03-24 12:18:19.001 [info] ExtensionService#_doActivateExtension vscode.debug-auto-launch, startup: false, activationEvent: 'onStartupFinished'
2025-03-24 12:18:19.004 [info] ExtensionService#_doActivateExtension vscode.merge-conflict, startup: false, activationEvent: 'onStartupFinished'
2025-03-24 12:18:19.021 [info] ExtensionService#_doActivateExtension bradlc.vscode-tailwindcss, startup: false, activationEvent: 'onStartupFinished'
2025-03-24 12:18:19.056 [info] ExtensionService#_doActivateExtension PKief.material-icon-theme, startup: false, activationEvent: 'onStartupFinished'
2025-03-24 12:18:19.391 [info] ExtensionService#_doActivateExtension ms-python.vscode-pylance, startup: false, activationEvent: 'api', root cause: ms-python.python
2025-03-24 12:18:33.164 [info] Extension host terminating: renderer closed the MessagePort
2025-03-24 12:18:33.179 [error] Canceled: Canceled
	at new XR (file:///opt/visual-studio-code/resources/app/out/vs/workbench/api/node/extensionHostProcess.js:29:110406)
	at Uy.U (file:///opt/visual-studio-code/resources/app/out/vs/workbench/api/node/extensionHostProcess.js:29:115016)
	at s.<computed>.n.charCodeAt.s.<computed> (file:///opt/visual-studio-code/resources/app/out/vs/workbench/api/node/extensionHostProcess.js:29:112510)
	at mw.g (file:///opt/visual-studio-code/resources/app/out/vs/workbench/api/node/extensionHostProcess.js:112:32221)
	at mw.executeCommand (file:///opt/visual-studio-code/resources/app/out/vs/workbench/api/node/extensionHostProcess.js:112:31725)
	at r.registerCommand.description (file:///opt/visual-studio-code/resources/app/out/vs/workbench/api/node/extensionHostProcess.js:112:31055)
	at mw.h (file:///opt/visual-studio-code/resources/app/out/vs/workbench/api/node/extensionHostProcess.js:112:32741)
	at mw.g (file:///opt/visual-studio-code/resources/app/out/vs/workbench/api/node/extensionHostProcess.js:112:31818)
	at mw.executeCommand (file:///opt/visual-studio-code/resources/app/out/vs/workbench/api/node/extensionHostProcess.js:112:31725)
	at Object.executeCommand (file:///opt/visual-studio-code/resources/app/out/vs/workbench/api/node/extensionHostProcess.js:172:37254)
	at Ah.L [as value] (/opt/visual-studio-code/resources/app/extensions/git/dist/main.js:2:997602)
	at D.B (file:///opt/visual-studio-code/resources/app/out/vs/workbench/api/node/extensionHostProcess.js:27:2373)
	at D.C (file:///opt/visual-studio-code/resources/app/out/vs/workbench/api/node/extensionHostProcess.js:27:2443)
	at D.fire (file:///opt/visual-studio-code/resources/app/out/vs/workbench/api/node/extensionHostProcess.js:27:2660)
	at Object.p [as dispose] (/opt/visual-studio-code/resources/app/extensions/git/dist/main.js:2:1020242)
	at /opt/visual-studio-code/resources/app/extensions/git/dist/main.js:2:1026621
	at Array.forEach (<anonymous>)
	at b.dispose (/opt/visual-studio-code/resources/app/extensions/git/dist/main.js:2:1026607)
	at cv.<anonymous> (file:///opt/visual-studio-code/resources/app/out/vs/workbench/api/node/extensionHostProcess.js:106:20084)
	at cv.dispose (file:///opt/visual-studio-code/resources/app/out/vs/workbench/api/node/extensionHostProcess.js:106:20180)
	at cv.<anonymous> (/opt/visual-studio-code/resources/app/extensions/git/dist/main.js:2:1000086)
	at cv.dispose (file:///opt/visual-studio-code/resources/app/out/vs/workbench/api/node/extensionHostProcess.js:106:20180)
	at ui (file:///opt/visual-studio-code/resources/app/out/vs/workbench/api/node/extensionHostProcess.js:25:699)
	at file:///opt/visual-studio-code/resources/app/out/vs/workbench/api/node/extensionHostProcess.js:116:14992
	at file:///opt/visual-studio-code/resources/app/out/vs/workbench/api/node/extensionHostProcess.js:25:1009
	at Object.dispose (file:///opt/visual-studio-code/resources/app/out/vs/workbench/api/node/extensionHostProcess.js:8:705)
	at PW.eb (file:///opt/visual-studio-code/resources/app/out/vs/workbench/api/node/extensionHostProcess.js:116:11919)
	at file:///opt/visual-studio-code/resources/app/out/vs/workbench/api/node/extensionHostProcess.js:116:9874
	at Array.map (<anonymous>)
	at PW.$ (file:///opt/visual-studio-code/resources/app/out/vs/workbench/api/node/extensionHostProcess.js:116:9862)
	at PW.terminate (file:///opt/visual-studio-code/resources/app/out/vs/workbench/api/node/extensionHostProcess.js:116:10105)
	at wC.terminate (file:///opt/visual-studio-code/resources/app/out/vs/workbench/api/node/extensionHostProcess.js:117:1434)
	at ts (file:///opt/visual-studio-code/resources/app/out/vs/workbench/api/node/extensionHostProcess.js:190:15080)
	at MessagePortMain.<anonymous> (file:///opt/visual-studio-code/resources/app/out/vs/workbench/api/node/extensionHostProcess.js:190:11628)
	at MessagePortMain.emit (node:events:518:28)
	at MessagePortMain._internalPort.emit (node:electron/js2c/utility_init:2:2949) setContext undefined
2025-03-24 12:18:33.180 [error] Canceled: Canceled
	at new XR (file:///opt/visual-studio-code/resources/app/out/vs/workbench/api/node/extensionHostProcess.js:29:110406)
	at Uy.U (file:///opt/visual-studio-code/resources/app/out/vs/workbench/api/node/extensionHostProcess.js:29:115016)
	at s.<computed>.n.charCodeAt.s.<computed> (file:///opt/visual-studio-code/resources/app/out/vs/workbench/api/node/extensionHostProcess.js:29:112510)
	at mw.g (file:///opt/visual-studio-code/resources/app/out/vs/workbench/api/node/extensionHostProcess.js:112:32221)
	at mw.executeCommand (file:///opt/visual-studio-code/resources/app/out/vs/workbench/api/node/extensionHostProcess.js:112:31725)
	at r.registerCommand.description (file:///opt/visual-studio-code/resources/app/out/vs/workbench/api/node/extensionHostProcess.js:112:31055)
	at mw.h (file:///opt/visual-studio-code/resources/app/out/vs/workbench/api/node/extensionHostProcess.js:112:32741)
	at mw.g (file:///opt/visual-studio-code/resources/app/out/vs/workbench/api/node/extensionHostProcess.js:112:31818)
	at mw.executeCommand (file:///opt/visual-studio-code/resources/app/out/vs/workbench/api/node/extensionHostProcess.js:112:31725)
	at Object.executeCommand (file:///opt/visual-studio-code/resources/app/out/vs/workbench/api/node/extensionHostProcess.js:172:37254)
	at set hasGitHubRepositories (/opt/visual-studio-code/resources/app/extensions/github/dist/extension.js:2:344164)
	at /opt/visual-studio-code/resources/app/extensions/github/dist/extension.js:2:345123
	at Ah.value (/opt/visual-studio-code/resources/app/extensions/git/dist/main.js:2:1117802)
	at D.B (file:///opt/visual-studio-code/resources/app/out/vs/workbench/api/node/extensionHostProcess.js:27:2373)
	at D.C (file:///opt/visual-studio-code/resources/app/out/vs/workbench/api/node/extensionHostProcess.js:27:2443)
	at D.fire (file:///opt/visual-studio-code/resources/app/out/vs/workbench/api/node/extensionHostProcess.js:27:2660)
	at Object.p [as dispose] (/opt/visual-studio-code/resources/app/extensions/git/dist/main.js:2:1020242)
	at /opt/visual-studio-code/resources/app/extensions/git/dist/main.js:2:1026621
	at Array.forEach (<anonymous>)
	at b.dispose (/opt/visual-studio-code/resources/app/extensions/git/dist/main.js:2:1026607)
	at cv.<anonymous> (file:///opt/visual-studio-code/resources/app/out/vs/workbench/api/node/extensionHostProcess.js:106:20084)
	at cv.dispose (file:///opt/visual-studio-code/resources/app/out/vs/workbench/api/node/extensionHostProcess.js:106:20180)
	at cv.<anonymous> (/opt/visual-studio-code/resources/app/extensions/git/dist/main.js:2:1000086)
	at cv.dispose (file:///opt/visual-studio-code/resources/app/out/vs/workbench/api/node/extensionHostProcess.js:106:20180)
	at ui (file:///opt/visual-studio-code/resources/app/out/vs/workbench/api/node/extensionHostProcess.js:25:699)
	at file:///opt/visual-studio-code/resources/app/out/vs/workbench/api/node/extensionHostProcess.js:116:14992
	at file:///opt/visual-studio-code/resources/app/out/vs/workbench/api/node/extensionHostProcess.js:25:1009
	at Object.dispose (file:///opt/visual-studio-code/resources/app/out/vs/workbench/api/node/extensionHostProcess.js:8:705)
	at PW.eb (file:///opt/visual-studio-code/resources/app/out/vs/workbench/api/node/extensionHostProcess.js:116:11919)
	at file:///opt/visual-studio-code/resources/app/out/vs/workbench/api/node/extensionHostProcess.js:116:9874
	at Array.map (<anonymous>)
	at PW.$ (file:///opt/visual-studio-code/resources/app/out/vs/workbench/api/node/extensionHostProcess.js:116:9862)
	at PW.terminate (file:///opt/visual-studio-code/resources/app/out/vs/workbench/api/node/extensionHostProcess.js:116:10105)
	at wC.terminate (file:///opt/visual-studio-code/resources/app/out/vs/workbench/api/node/extensionHostProcess.js:117:1434)
	at ts (file:///opt/visual-studio-code/resources/app/out/vs/workbench/api/node/extensionHostProcess.js:190:15080)
	at MessagePortMain.<anonymous> (file:///opt/visual-studio-code/resources/app/out/vs/workbench/api/node/extensionHostProcess.js:190:11628)
	at MessagePortMain.emit (node:events:518:28)
	at MessagePortMain._internalPort.emit (node:electron/js2c/utility_init:2:2949) setContext undefined
2025-03-24 12:18:33.182 [info] Extension host with pid 14030 exiting with code 0
2025-03-24 12:18:34.083 [info] Extension host with pid 14443 started
2025-03-24 12:18:34.083 [info] Skipping acquiring lock for /home/gabrieu/.config/Code/User/workspaceStorage/910592cb3fef5f3ab9246e487cbc7272.
2025-03-24 12:18:34.314 [info] ExtensionService#_doActivateExtension vscode.github-authentication, startup: false, activationEvent: 'onAuthenticationRequest:github'
2025-03-24 12:18:34.335 [info] ExtensionService#_doActivateExtension vscode.emmet, startup: false, activationEvent: 'onLanguage'
2025-03-24 12:18:34.349 [info] ExtensionService#_doActivateExtension vscode.configuration-editing, startup: false, activationEvent: 'onLanguage:jsonc'
2025-03-24 12:18:34.361 [info] ExtensionService#_doActivateExtension vscode.json-language-features, startup: false, activationEvent: 'onLanguage:jsonc'
2025-03-24 12:18:34.417 [info] ExtensionService#_doActivateExtension vscode.typescript-language-features, startup: false, activationEvent: 'onLanguage:jsonc'
2025-03-24 12:18:34.730 [info] ExtensionService#_doActivateExtension vscode.git-base, startup: true, activationEvent: '*', root cause: vscode.git
2025-03-24 12:18:34.732 [info] ExtensionService#_doActivateExtension DivyanshuAgrawal.competitive-programming-helper, startup: true, activationEvent: '*'
2025-03-24 12:18:34.827 [info] ExtensionService#_doActivateExtension vscode.git, startup: true, activationEvent: '*'
2025-03-24 12:18:34.896 [info] ExtensionService#_doActivateExtension vscode.github, startup: true, activationEvent: '*'
2025-03-24 12:18:34.984 [info] Eager extensions activated
2025-03-24 12:18:35.008 [info] ExtensionService#_doActivateExtension vscode.debug-auto-launch, startup: false, activationEvent: 'onStartupFinished'
2025-03-24 12:18:35.009 [info] ExtensionService#_doActivateExtension vscode.merge-conflict, startup: false, activationEvent: 'onStartupFinished'
2025-03-24 12:18:35.024 [info] ExtensionService#_doActivateExtension bradlc.vscode-tailwindcss, startup: false, activationEvent: 'onStartupFinished'
2025-03-24 12:18:35.053 [info] ExtensionService#_doActivateExtension PKief.material-icon-theme, startup: false, activationEvent: 'onStartupFinished'
2025-03-24 12:24:03.293 [info] ExtensionService#_doActivateExtension llvm-vs-code-extensions.vscode-clangd, startup: false, activationEvent: 'onLanguage:cpp'
2025-03-24 12:24:03.384 [info] ExtensionService#_doActivateExtension ms-vscode.cpptools, startup: false, activationEvent: 'onLanguage:cpp'
2025-03-24 13:04:49.836 [error] [llvm-vs-code-extensions.vscode-clangd] provider FAILED
2025-03-24 13:04:49.836 [error] {"a":true,"b":null}
2025-03-24 13:07:04.063 [error] [llvm-vs-code-extensions.vscode-clangd] provider FAILED
2025-03-24 13:07:04.063 [error] {"a":true,"b":null}
2025-03-24 13:09:22.771 [error] [llvm-vs-code-extensions.vscode-clangd] provider FAILED
2025-03-24 13:09:22.771 [error] {"a":true,"b":null}
2025-03-24 13:15:05.340 [error] [llvm-vs-code-extensions.vscode-clangd] provider FAILED
2025-03-24 13:15:05.340 [error] {"a":true,"b":null}
2025-03-24 13:26:38.840 [error] [llvm-vs-code-extensions.vscode-clangd] provider FAILED
2025-03-24 13:26:38.840 [error] {"a":true,"b":null}
2025-03-24 13:31:56.252 [error] [llvm-vs-code-extensions.vscode-clangd] provider FAILED
2025-03-24 13:31:56.252 [error] {"a":true,"b":null}
2025-03-24 13:39:48.601 [error] [llvm-vs-code-extensions.vscode-clangd] provider FAILED
2025-03-24 13:39:48.601 [error] {"a":true,"b":null}
2025-03-24 13:41:13.046 [error] [llvm-vs-code-extensions.vscode-clangd] provider FAILED
2025-03-24 13:41:13.047 [error] {"a":true,"b":null}
2025-03-24 14:38:58.733 [error] [llvm-vs-code-extensions.vscode-clangd] provider FAILED
2025-03-24 14:38:58.733 [error] {"a":true,"b":null}
2025-03-24 14:50:31.425 [error] [llvm-vs-code-extensions.vscode-clangd] provider FAILED
2025-03-24 14:50:31.425 [error] {"a":true,"b":null}
2025-03-24 14:50:37.487 [error] [llvm-vs-code-extensions.vscode-clangd] provider FAILED
2025-03-24 14:50:37.487 [error] {"a":true,"b":null}
2025-03-24 14:58:03.114 [error] [llvm-vs-code-extensions.vscode-clangd] provider FAILED
2025-03-24 14:58:03.114 [error] {"a":true,"b":null}
2025-03-24 14:58:03.157 [error] [llvm-vs-code-extensions.vscode-clangd] provider FAILED
2025-03-24 14:58:03.157 [error] {"a":true,"b":null}
2025-03-24 14:58:57.519 [error] [llvm-vs-code-extensions.vscode-clangd] provider FAILED
2025-03-24 14:58:57.519 [error] {"a":true,"b":null}
2025-03-24 15:00:56.683 [error] [llvm-vs-code-extensions.vscode-clangd] provider FAILED
2025-03-24 15:00:56.683 [error] {"a":true,"b":null}
2025-03-24 15:02:43.982 [error] [llvm-vs-code-extensions.vscode-clangd] provider FAILED
2025-03-24 15:02:43.982 [error] {"a":true,"b":null}
2025-03-24 15:02:44.020 [error] [llvm-vs-code-extensions.vscode-clangd] provider FAILED
2025-03-24 15:02:44.020 [error] {"a":true,"b":null}
2025-03-24 15:02:44.059 [error] [llvm-vs-code-extensions.vscode-clangd] provider FAILED
2025-03-24 15:02:44.059 [error] {"a":true,"b":null}
2025-03-24 15:02:44.139 [error] [llvm-vs-code-extensions.vscode-clangd] provider FAILED
2025-03-24 15:02:44.139 [error] {"a":true,"b":null}
2025-03-24 15:02:44.181 [error] [llvm-vs-code-extensions.vscode-clangd] provider FAILED
2025-03-24 15:02:44.181 [error] {"a":true,"b":null}
2025-03-24 15:02:44.221 [error] [llvm-vs-code-extensions.vscode-clangd] provider FAILED
2025-03-24 15:02:44.221 [error] {"a":true,"b":null}
2025-03-24 15:02:44.341 [error] [llvm-vs-code-extensions.vscode-clangd] provider FAILED
2025-03-24 15:02:44.341 [error] {"a":true,"b":null}
2025-03-24 15:02:44.380 [error] [llvm-vs-code-extensions.vscode-clangd] provider FAILED
2025-03-24 15:02:44.380 [error] {"a":true,"b":null}
2025-03-24 15:07:57.232 [error] [llvm-vs-code-extensions.vscode-clangd] provider FAILED
2025-03-24 15:07:57.232 [error] {"a":true,"b":null}
2025-03-24 15:11:16.401 [info] ExtensionService#_doActivateExtension vscode.debug-server-ready, startup: false, activationEvent: 'onDebugResolve'
2025-03-24 15:11:18.153 [error] [llvm-vs-code-extensions.vscode-clangd] provider FAILED
2025-03-24 15:11:18.153 [error] {"a":true,"b":null}
2025-03-24 15:40:46.252 [info] Extension host terminating: renderer closed the MessagePort
2025-03-24 15:40:46.281 [info] Extension host with pid 14443 exiting with code 0
2025-03-24 15:40:47.471 [info] Extension host with pid 26207 started
2025-03-24 15:40:47.471 [info] Skipping acquiring lock for /home/gabrieu/.config/Code/User/workspaceStorage/6a579f48e0f4eff48a15f2b999b9879a.
2025-03-24 15:40:47.724 [info] ExtensionService#_doActivateExtension vscode.github-authentication, startup: false, activationEvent: 'onAuthenticationRequest:github'
2025-03-24 15:40:47.748 [info] ExtensionService#_doActivateExtension vscode.emmet, startup: false, activationEvent: 'onLanguage'
2025-03-24 15:40:47.838 [info] ExtensionService#_doActivateExtension vscode.git-base, startup: true, activationEvent: '*', root cause: vscode.git
2025-03-24 15:40:47.840 [info] ExtensionService#_doActivateExtension DivyanshuAgrawal.competitive-programming-helper, startup: true, activationEvent: '*'
2025-03-24 15:40:47.859 [info] ExtensionService#_doActivateExtension ms-python.python, startup: true, activationEvent: 'workspaceContains:requirements.txt'
2025-03-24 15:40:48.088 [info] ExtensionService#_doActivateExtension vscode.git, startup: true, activationEvent: '*'
2025-03-24 15:40:48.162 [info] ExtensionService#_doActivateExtension vscode.github, startup: true, activationEvent: '*'
2025-03-24 15:40:48.369 [info] Eager extensions activated
2025-03-24 15:40:48.496 [info] ExtensionService#_doActivateExtension vscode.debug-auto-launch, startup: false, activationEvent: 'onStartupFinished'
2025-03-24 15:40:48.499 [info] ExtensionService#_doActivateExtension vscode.merge-conflict, startup: false, activationEvent: 'onStartupFinished'
2025-03-24 15:40:48.519 [info] ExtensionService#_doActivateExtension bradlc.vscode-tailwindcss, startup: false, activationEvent: 'onStartupFinished'
2025-03-24 15:40:48.558 [info] ExtensionService#_doActivateExtension PKief.material-icon-theme, startup: false, activationEvent: 'onStartupFinished'
2025-03-24 15:40:48.747 [info] ExtensionService#_doActivateExtension ms-python.vscode-pylance, startup: false, activationEvent: 'api', root cause: ms-python.python
2025-03-24 15:40:57.798 [info] ExtensionService#_doActivateExtension ms-python.debugpy, startup: false, activationEvent: 'onLanguage:python'
2025-03-24 15:45:19.774 [info] ExtensionService#_doActivateExtension vscode.html-language-features, startup: false, activationEvent: 'onLanguage:html'
2025-03-24 15:49:02.368 [info] ExtensionService#_doActivateExtension vscode.typescript-language-features, startup: false, activationEvent: 'onLanguage:javascript'
2025-03-24 17:07:32.168 [info] ExtensionService#_doActivateExtension vscode.media-preview, startup: false, activationEvent: 'onCustomEditor:imagePreview.previewEditor'
