2025-03-24 18:06:11.652 [info] Reading sessions from keychain...
2025-03-24 18:06:11.652 [info] Getting sessions for all scopes...
2025-03-24 18:06:11.652 [info] Getting sessions for all scopes...
2025-03-24 18:06:11.652 [info] Got 0 sessions for ...
2025-03-24 18:06:11.652 [info] Got 0 sessions for ...
2025-03-24 18:06:11.652 [info] Getting sessions for all scopes...
2025-03-24 18:06:11.652 [info] Got 0 sessions for ...
2025-03-24 18:06:11.652 [info] Getting sessions for all scopes...
2025-03-24 18:06:11.652 [info] Got 0 sessions for ...
2025-03-24 18:06:11.652 [info] Getting sessions for all scopes...
2025-03-24 18:06:11.652 [info] Got 0 sessions for ...
2025-03-24 18:06:11.652 [info] Getting sessions for all scopes...
2025-03-24 18:06:11.652 [info] Got 0 sessions for ...
2025-03-24 18:06:11.652 [info] Getting sessions for all scopes...
2025-03-24 18:06:11.652 [info] Got 0 sessions for ...
2025-03-24 18:06:11.817 [info] Getting sessions for all scopes...
2025-03-24 18:06:11.817 [info] Got 0 sessions for ...
2025-03-24 18:06:11.892 [info] Getting sessions for all scopes...
2025-03-24 18:06:11.892 [info] Got 0 sessions for ...
2025-03-24 18:06:12.200 [info] Getting sessions for all scopes...
2025-03-24 18:06:12.200 [info] Got 0 sessions for ...
2025-03-24 18:06:12.294 [info] Getting sessions for all scopes...
2025-03-24 18:06:12.294 [info] Got 0 sessions for ...
2025-03-24 18:06:12.417 [info] Getting sessions for read:user,repo,user:email,workflow...
2025-03-24 18:06:12.417 [info] Got 0 sessions for read:user,repo,user:email,workflow...
2025-03-24 18:06:12.869 [info] Getting sessions for all scopes...
2025-03-24 18:06:12.869 [info] Got 0 sessions for ...
2025-03-24 18:06:13.755 [info] Getting sessions for all scopes...
2025-03-24 18:06:13.755 [info] Got 0 sessions for ...
2025-03-24 18:06:14.271 [info] Getting sessions for all scopes...
2025-03-24 18:06:14.271 [info] Got 0 sessions for ...
2025-03-24 18:06:14.384 [info] Getting sessions for all scopes...
2025-03-24 18:06:14.384 [info] Got 0 sessions for ...
2025-03-24 18:06:15.300 [info] Getting sessions for all scopes...
2025-03-24 18:06:15.300 [info] Got 0 sessions for ...
