2025-02-10 20:10:57 Loading main app package /usr/lib/obsidian/obsidian.asar
2025-02-10 20:10:57 Checking for update using Github
2025-02-10 20:10:58 Success.
2025-02-10 20:10:58 Latest version is 1.8.4
2025-02-10 20:10:58 App is up to date.
2025-02-10 20:13:53 Loading main app package /usr/lib/obsidian/obsidian.asar
2025-02-10 20:13:53 Checking for update using Github
2025-02-10 20:13:53 Success.
2025-02-10 20:13:53 Latest version is 1.8.4
2025-02-10 20:13:53 App is up to date.
2025-02-10 21:16:53 Loading main app package /usr/lib/obsidian/obsidian.asar
2025-02-10 21:16:53 Checking for update using Github
2025-02-10 21:16:53 Success.
2025-02-10 21:16:53 Latest version is 1.8.4
2025-02-10 21:16:53 App is up to date.
2025-02-10 21:17:40 Loading main app package /usr/lib/obsidian/obsidian.asar
2025-02-10 21:17:40 Checking for update using Github
2025-02-10 21:18:04 Loading main app package /usr/lib/obsidian/obsidian.asar
2025-02-10 21:18:04 Checking for update using Github
2025-02-10 22:03:38 Loading main app package /usr/lib/obsidian/obsidian.asar
2025-02-10 22:03:38 Checking for update using Github
2025-02-10 22:03:38 Success.
2025-02-10 22:03:38 Latest version is 1.8.4
2025-02-10 22:03:38 App is up to date.
2025-02-10 22:03:44 Loading main app package /usr/lib/obsidian/obsidian.asar
2025-02-10 22:03:44 Checking for update using Github
2025-02-10 22:03:44 Success.
2025-02-10 22:03:44 Latest version is 1.8.4
2025-02-10 22:03:44 App is up to date.
2025-02-10 22:20:24 Loading main app package /usr/lib/obsidian/obsidian.asar
2025-02-10 22:20:24 Checking for update using Github
2025-02-10 22:24:59 Loading main app package /usr/lib/obsidian/obsidian.asar
2025-02-10 22:25:00 Checking for update using Github
2025-02-10 22:25:42 Loading main app package /usr/lib/obsidian/obsidian.asar
2025-02-10 22:25:42 Checking for update using Github
2025-02-10 22:25:42 Success.
2025-02-10 22:25:42 Latest version is 1.8.4
2025-02-10 22:25:42 App is up to date.
2025-02-10 22:31:02 Loading main app package /usr/lib/obsidian/obsidian.asar
2025-02-10 22:31:02 Checking for update using Github
2025-02-10 22:38:18 Loading main app package /usr/lib/obsidian/obsidian.asar
2025-02-10 22:38:18 Checking for update using Github
2025-02-10 22:38:18 Success.
2025-02-10 22:38:18 Latest version is 1.8.4
2025-02-10 22:38:18 App is up to date.
2025-02-10 22:45:00 Loading main app package /usr/lib/obsidian/obsidian.asar
2025-02-10 22:45:01 Checking for update using Github
2025-02-10 22:45:01 Success.
2025-02-10 22:45:01 Latest version is 1.8.4
2025-02-10 22:45:01 App is up to date.
