2025-03-25 10:10:35.562 [info] Reading sessions from keychain...
2025-03-25 10:10:35.562 [info] Getting sessions for all scopes...
2025-03-25 10:10:35.562 [info] Getting sessions for all scopes...
2025-03-25 10:10:35.734 [info] Getting sessions for all scopes...
2025-03-25 10:10:35.734 [info] Getting sessions for all scopes...
2025-03-25 10:10:35.735 [info] Getting sessions for all scopes...
2025-03-25 10:10:35.735 [info] Getting sessions for all scopes...
2025-03-25 10:10:35.735 [info] Getting sessions for all scopes...
2025-03-25 10:10:35.754 [info] Got 0 sessions for ...
2025-03-25 10:10:35.754 [info] Got 0 sessions for ...
2025-03-25 10:10:35.754 [info] Got 0 sessions for ...
2025-03-25 10:10:35.754 [info] Got 0 sessions for ...
2025-03-25 10:10:35.754 [info] Got 0 sessions for ...
2025-03-25 10:10:35.754 [info] Got 0 sessions for ...
2025-03-25 10:10:35.754 [info] Got 0 sessions for ...
2025-03-25 10:10:36.176 [info] Getting sessions for all scopes...
2025-03-25 10:10:36.176 [info] Got 0 sessions for ...
2025-03-25 10:10:36.254 [info] Getting sessions for all scopes...
2025-03-25 10:10:36.254 [info] Got 0 sessions for ...
2025-03-25 10:10:36.356 [info] Getting sessions for all scopes...
2025-03-25 10:10:36.356 [info] Got 0 sessions for ...
2025-03-25 10:10:36.744 [info] Getting sessions for read:user,repo,user:email,workflow...
2025-03-25 10:10:36.744 [info] Got 0 sessions for read:user,repo,user:email,workflow...
2025-03-25 10:10:37.191 [info] Getting sessions for all scopes...
2025-03-25 10:10:37.191 [info] Got 0 sessions for ...
2025-03-25 10:10:37.293 [info] Getting sessions for all scopes...
2025-03-25 10:10:37.293 [info] Got 0 sessions for ...
2025-03-25 10:10:38.211 [info] Getting sessions for all scopes...
2025-03-25 10:10:38.211 [info] Got 0 sessions for ...
2025-03-25 10:11:57.007 [info] Reading sessions from keychain...
2025-03-25 10:11:57.007 [info] Getting sessions for all scopes...
2025-03-25 10:11:57.007 [info] Getting sessions for all scopes...
2025-03-25 10:11:57.007 [info] Getting sessions for all scopes...
2025-03-25 10:11:57.007 [info] Getting sessions for all scopes...
2025-03-25 10:11:57.007 [info] Getting sessions for all scopes...
2025-03-25 10:11:57.007 [info] Getting sessions for all scopes...
2025-03-25 10:11:57.007 [info] Getting sessions for all scopes...
2025-03-25 10:11:57.007 [info] Got 0 sessions for ...
2025-03-25 10:11:57.007 [info] Got 0 sessions for ...
2025-03-25 10:11:57.007 [info] Got 0 sessions for ...
2025-03-25 10:11:57.007 [info] Got 0 sessions for ...
2025-03-25 10:11:57.007 [info] Got 0 sessions for ...
2025-03-25 10:11:57.007 [info] Got 0 sessions for ...
2025-03-25 10:11:57.007 [info] Got 0 sessions for ...
2025-03-25 10:11:57.316 [info] Getting sessions for all scopes...
2025-03-25 10:11:57.316 [info] Got 0 sessions for ...
2025-03-25 10:11:57.533 [info] Getting sessions for all scopes...
2025-03-25 10:11:57.533 [info] Got 0 sessions for ...
2025-03-25 10:11:57.556 [info] Getting sessions for all scopes...
2025-03-25 10:11:57.556 [info] Got 0 sessions for ...
2025-03-25 10:11:58.547 [info] Getting sessions for all scopes...
2025-03-25 10:11:58.547 [info] Got 0 sessions for ...
2025-03-25 10:11:58.556 [info] Getting sessions for all scopes...
2025-03-25 10:11:58.556 [info] Got 0 sessions for ...
2025-03-25 10:11:59.595 [info] Getting sessions for all scopes...
2025-03-25 10:11:59.595 [info] Got 0 sessions for ...
