2025-03-25 12:48:48.937 [info] [main] Log level: Info
2025-03-25 12:48:48.937 [info] [main] Validating found git in: "git"
2025-03-25 12:48:48.937 [info] [main] Using git "2.49.0" from "git"
2025-03-25 12:48:48.937 [info] [Model][doInitialScan] Initial repository scan started
2025-03-25 12:48:48.937 [info] > git rev-parse --show-toplevel [5ms]
2025-03-25 12:48:48.937 [info] fatal: not a git repository (or any of the parent directories): .git
2025-03-25 12:48:48.937 [info] > git rev-parse --show-toplevel [27ms]
2025-03-25 12:48:48.937 [info] fatal: not a git repository (or any of the parent directories): .git
2025-03-25 12:48:48.950 [info] > git rev-parse --show-toplevel [5ms]
2025-03-25 12:48:48.950 [info] fatal: not a git repository (or any of the parent directories): .git
2025-03-25 12:48:48.978 [info] > git rev-parse --show-toplevel [21ms]
2025-03-25 12:48:48.978 [info] fatal: not a git repository (or any of the parent directories): .git
2025-03-25 12:48:48.987 [info] > git rev-parse --show-toplevel [2ms]
2025-03-25 12:48:48.987 [info] fatal: not a git repository (or any of the parent directories): .git
2025-03-25 12:48:48.996 [info] > git rev-parse --show-toplevel [2ms]
2025-03-25 12:48:48.996 [info] fatal: not a git repository (or any of the parent directories): .git
2025-03-25 12:48:49.013 [info] > git rev-parse --show-toplevel [9ms]
2025-03-25 12:48:49.013 [info] fatal: not a git repository (or any of the parent directories): .git
2025-03-25 12:48:49.026 [info] > git rev-parse --show-toplevel [2ms]
2025-03-25 12:48:49.026 [info] fatal: not a git repository (or any of the parent directories): .git
2025-03-25 12:48:49.035 [info] > git rev-parse --show-toplevel [1ms]
2025-03-25 12:48:49.035 [info] fatal: not a git repository (or any of the parent directories): .git
2025-03-25 12:48:49.037 [info] [Model][doInitialScan] Initial repository scan completed - repositories (0), closed repositories (0), parent repositories (0), unsafe repositories (0)
2025-03-25 12:48:49.157 [info] > git rev-parse --show-toplevel [5ms]
2025-03-25 12:48:49.157 [info] fatal: not a git repository (or any of the parent directories): .git
2025-03-25 12:48:49.167 [info] > git rev-parse --show-toplevel [1ms]
2025-03-25 12:48:49.167 [info] fatal: not a git repository (or any of the parent directories): .git
2025-03-25 12:48:50.088 [info] > git rev-parse --show-toplevel [2ms]
2025-03-25 12:48:50.088 [info] fatal: not a git repository (or any of the parent directories): .git
2025-03-25 12:48:51.080 [info] > git rev-parse --show-toplevel [1ms]
2025-03-25 12:48:51.080 [info] fatal: not a git repository (or any of the parent directories): .git
